Watching for file changes with StatReloader
Waiting for apps ready_event.
Apps ready_event triggered. Sending autoreload_started signal.
Watching dir /workspace/bee-inkspired/templates with glob **/*.
Watching dir /workspace/.pip-modules/lib/python3.9/site-packages/cloudinary/templates with glob **/*.
Watching dir /workspace/bee-inkspired/locale with glob **/*.mo.
Watching dir /workspace/.pip-modules/lib/python3.9/site-packages/cloudinary_storage/locale with glob **/*.mo.
Watching dir /workspace/.pip-modules/lib/python3.9/site-packages/cloudinary/locale with glob **/*.mo.
Watching dir /workspace/bee-inkspired/home/locale with glob **/*.mo.
File /workspace/.pip-modules/lib/python3.9/site-packages/django/utils/dates.py first seen with mtime 1702056911.0
File /workspace/.pip-modules/lib/python3.9/site-packages/urllib3/util/request.py first seen with mtime 1702056971.0
File /workspace/.pip-modules/lib/python3.9/site-packages/django/db/models/functions/datetime.py first seen with mtime 1702056911.0
File /home/gitpod/.pyenv/versions/3.9.17/lib/python3.9/email/mime/message.py first seen with mtime 1702056484.0
File /workspace/.pip-modules/lib/python3.9/site-packages/django/db/backends/base/schema.py first seen with mtime 1702056911.0
File /workspace/.pip-modules/lib/python3.9/site-packages/django/forms/renderers.py first seen with mtime 1702056911.0
File /home/gitpod/.pyenv/versions/3.9.17/lib/python3.9/pprint.py first seen with mtime 1702056482.0
File /workspace/.pip-modules/lib/python3.9/site-packages/django/contrib/contenttypes/management/__init__.py first seen with mtime 1702056911.0
File /workspace/.pip-modules/lib/python3.9/site-packages/cloudinary/exceptions.py first seen with mtime 1702056957.0
File /workspace/.pip-modules/lib/python3.9/site-packages/sqlparse/filters/others.py first seen with mtime 1702056910.0
File /workspace/.pip-modules/lib/python3.9/site-packages/django/core/validators.py first seen with mtime 1702056911.0
File /workspace/.pip-modules/lib/python3.9/site-packages/django/db/models/manager.py first seen with mtime 1702056911.0
File /workspace/.pip-modules/lib/python3.9/site-packages/urllib3/filepost.py first seen with mtime 1702056971.0
File /workspace/.pip-modules/lib/python3.9/site-packages/cloudinary/api_client/__init__.py first seen with mtime 1702056957.0
File /home/gitpod/.pyenv/versions/3.9.17/lib/python3.9/site-packages/cffi/__init__.py first seen with mtime 1702056527.0
File /home/gitpod/.pyenv/versions/3.9.17/lib/python3.9/site-packages/cffi/model.py first seen with mtime 1702056527.0
File /workspace/.pip-modules/lib/python3.9/site-packages/django/db/migrations/operations/special.py first seen with mtime 1702056911.0
File /home/gitpod/.pyenv/versions/3.9.17/lib/python3.9/asyncio/protocols.py first seen with mtime 1702056483.0
File /workspace/.pip-modules/lib/python3.9/site-packages/django/contrib/admin/apps.py first seen with mtime 1702056910.0
File /workspace/.pip-modules/lib/python3.9/site-packages/django/db/backends/base/validation.py first seen with mtime 1702056911.0
File /workspace/.pip-modules/lib/python3.9/site-packages/django/utils/baseconv.py first seen with mtime 1702056911.0
File /workspace/.pip-modules/lib/python3.9/site-packages/PIL/TiffTags.py first seen with mtime 1702495105.0
File /workspace/.pip-modules/lib/python3.9/site-packages/django/core/checks/urls.py first seen with mtime 1702056911.0
File /home/gitpod/.pyenv/versions/3.9.17/lib/python3.9/lib-dynload/_uuid.cpython-39-x86_64-linux-gnu.so first seen with mtime 1702056473.0
File /workspace/bee-inkspired/beeinkspired/urls.py first seen with mtime 1702246176.0
File /workspace/.pip-modules/lib/python3.9/site-packages/django/db/backends/postgresql/base.py first seen with mtime 1702056911.0
File /workspace/.pip-modules/lib/python3.9/site-packages/cloudinary/api_client/call_api.py first seen with mtime 1702056957.0
File /workspace/.pip-modules/lib/python3.9/site-packages/cloudinary/cache/__init__.py first seen with mtime 1702056957.0
File /workspace/.pip-modules/lib/python3.9/site-packages/django/contrib/admin/__init__.py first seen with mtime 1702056910.0
File /workspace/.pip-modules/lib/python3.9/site-packages/django/utils/_os.py first seen with mtime 1702056911.0
File /workspace/.pip-modules/lib/python3.9/site-packages/django/template/context.py first seen with mtime 1702056911.0
File /home/gitpod/.pyenv/versions/3.9.17/lib/python3.9/xml/parsers/__init__.py first seen with mtime 1702056485.0
File /home/gitpod/.pyenv/versions/3.9.17/lib/python3.9/genericpath.py first seen with mtime 1702056482.0
File /workspace/.pip-modules/lib/python3.9/site-packages/cloudinary/templatetags/cloudinary.py first seen with mtime 1702056957.0
File /workspace/.pip-modules/lib/python3.9/site-packages/django/core/mail/__init__.py first seen with mtime 1702056911.0
File /home/gitpod/.pyenv/versions/3.9.17/lib/python3.9/locale.py first seen with mtime 1702056482.0
File /workspace/.pip-modules/lib/python3.9/site-packages/django/template/__init__.py first seen with mtime 1702056911.0
File /workspace/.pip-modules/lib/python3.9/site-packages/django/apps/registry.py first seen with mtime 1702056910.0
File /workspace/.pip-modules/lib/python3.9/site-packages/sqlparse/engine/__init__.py first seen with mtime 1702056910.0
File /home/gitpod/.pyenv/versions/3.9.17/lib/python3.9/secrets.py first seen with mtime 1702056482.0
File /workspace/bee-inkspired/home/apps.py first seen with mtime 1702904552.0
File /workspace/.pip-modules/lib/python3.9/site-packages/sqlparse/utils.py first seen with mtime 1702056910.0
File /home/gitpod/.pyenv/versions/3.9.17/lib/python3.9/stat.py first seen with mtime 1702056482.0
File /workspace/.pip-modules/lib/python3.9/site-packages/urllib3/util/retry.py first seen with mtime 1702056971.0
File /workspace/.pip-modules/lib/python3.9/site-packages/sqlparse/keywords.py first seen with mtime 1702056910.0
File /workspace/.pip-modules/lib/python3.9/site-packages/django/utils/numberformat.py first seen with mtime 1702056911.0
File /home/gitpod/.pyenv/versions/3.9.17/lib/python3.9/fnmatch.py first seen with mtime 1702056482.0
File /home/gitpod/.pyenv/versions/3.9.17/lib/python3.9/email/feedparser.py first seen with mtime 1702056484.0
File /workspace/.pip-modules/lib/python3.9/site-packages/django/template/backends/django.py first seen with mtime 1702056911.0
File /home/gitpod/.pyenv/versions/3.9.17/lib/python3.9/unittest/loader.py first seen with mtime 1702056485.0
File /workspace/.pip-modules/lib/python3.9/site-packages/django/db/backends/base/operations.py first seen with mtime 1702056911.0
File /home/gitpod/.pyenv/versions/3.9.17/lib/python3.9/lib-dynload/_hashlib.cpython-39-x86_64-linux-gnu.so first seen with mtime 1702056468.0
File /home/gitpod/.pyenv/versions/3.9.17/lib/python3.9/site-packages/cffi/api.py first seen with mtime 1702056527.0
File /workspace/.pip-modules/lib/python3.9/site-packages/django/core/handlers/wsgi.py first seen with mtime 1702056911.0
File /home/gitpod/.pyenv/versions/3.9.17/lib/python3.9/importlib/machinery.py first seen with mtime 1702056483.0
File /home/gitpod/.pyenv/versions/3.9.17/lib/python3.9/encodings/aliases.py first seen with mtime 1702056484.0
File /workspace/.pip-modules/lib/python3.9/site-packages/django/core/checks/caches.py first seen with mtime 1702056911.0
File /home/gitpod/.pyenv/versions/3.9.17/lib/python3.9/gettext.py first seen with mtime 1702056482.0
File /workspace/.pip-modules/lib/python3.9/site-packages/cloudinary/api_client/execute_request.py first seen with mtime 1702056957.0
File /workspace/.pip-modules/lib/python3.9/site-packages/django/http/multipartparser.py first seen with mtime 1702056911.0
File /workspace/.pip-modules/lib/python3.9/site-packages/django/views/decorators/common.py first seen with mtime 1702056911.0
File /home/gitpod/.pyenv/versions/3.9.17/lib/python3.9/email/mime/base.py first seen with mtime 1702056484.0
File /workspace/.pip-modules/lib/python3.9/site-packages/django/db/migrations/operations/fields.py first seen with mtime 1702056911.0
File /workspace/.pip-modules/lib/python3.9/site-packages/django/utils/regex_helper.py first seen with mtime 1702056911.0
File /workspace/.pip-modules/lib/python3.9/site-packages/cloudinary/templatetags/__init__.py first seen with mtime 1702056957.0
File /workspace/bee-inkspired/env.py first seen with mtime 1702057724.0
File /workspace/bee-inkspired/home/__init__.py first seen with mtime 1702057050.0
File /home/gitpod/.pyenv/versions/3.9.17/lib/python3.9/asyncio/streams.py first seen with mtime 1702056483.0
File /workspace/.pip-modules/lib/python3.9/site-packages/urllib3/poolmanager.py first seen with mtime 1702056971.0
File /workspace/.pip-modules/lib/python3.9/site-packages/urllib3/util/ssl_match_hostname.py first seen with mtime 1702056971.0
File /workspace/.pip-modules/lib/python3.9/site-packages/django/forms/forms.py first seen with mtime 1702056911.0
File /home/gitpod/.pyenv/versions/3.9.17/lib/python3.9/subprocess.py first seen with mtime 1702056482.0
File /workspace/.pip-modules/lib/python3.9/site-packages/sqlparse/lexer.py first seen with mtime 1702056910.0
File /home/gitpod/.pyenv/versions/3.9.17/lib/python3.9/logging/handlers.py first seen with mtime 1702056484.0
File /workspace/.pip-modules/lib/python3.9/site-packages/sqlparse/filters/tokens.py first seen with mtime 1702056910.0
File /home/gitpod/.pyenv/versions/3.9.17/lib/python3.9/asyncio/locks.py first seen with mtime 1702056483.0
File /workspace/.pip-modules/lib/python3.9/site-packages/django/urls/resolvers.py first seen with mtime 1702056911.0
File /home/gitpod/.pyenv/versions/3.9.17/lib/python3.9/string.py first seen with mtime 1702056482.0
File /home/gitpod/.pyenv/versions/3.9.17/lib/python3.9/wsgiref/handlers.py first seen with mtime 1702056484.0
File /home/gitpod/.pyenv/versions/3.9.17/lib/python3.9/site-packages/certifi/__init__.py first seen with mtime 1702056524.0
File /home/gitpod/.pyenv/versions/3.9.17/lib/python3.9/email/_encoded_words.py first seen with mtime 1702056484.0
File /workspace/.pip-modules/lib/python3.9/site-packages/django/apps/__init__.py first seen with mtime 1702056910.0
File /workspace/.pip-modules/lib/python3.9/site-packages/django/utils/deconstruct.py first seen with mtime 1702056911.0
File /home/gitpod/.pyenv/versions/3.9.17/lib/python3.9/email/mime/nonmultipart.py first seen with mtime 1702056484.0
File /workspace/.pip-modules/lib/python3.9/site-packages/django/template/smartif.py first seen with mtime 1702056911.0
File /home/gitpod/.pyenv/versions/3.9.17/lib/python3.9/asyncio/queues.py first seen with mtime 1702056483.0
File /home/gitpod/.pyenv/versions/3.9.17/lib/python3.9/asyncio/selector_events.py first seen with mtime 1702056483.0
File /home/gitpod/.pyenv/versions/3.9.17/lib/python3.9/decimal.py first seen with mtime 1702056482.0
File /workspace/.pip-modules/lib/python3.9/site-packages/django/core/exceptions.py first seen with mtime 1702056911.0
File /home/gitpod/.pyenv/versions/3.9.17/lib/python3.9/lib-dynload/_posixsubprocess.cpython-39-x86_64-linux-gnu.so first seen with mtime 1702056464.0
File /home/gitpod/.pyenv/versions/3.9.17/lib/python3.9/asyncio/base_futures.py first seen with mtime 1702056483.0
File /home/gitpod/.pyenv/versions/3.9.17/lib/python3.9/contextlib.py first seen with mtime 1702056482.0
File /home/gitpod/.pyenv/versions/3.9.17/lib/python3.9/lib-dynload/_queue.cpython-39-x86_64-linux-gnu.so first seen with mtime 1702056460.0
File /workspace/.pip-modules/lib/python3.9/site-packages/django/utils/decorators.py first seen with mtime 1702056911.0
File /workspace/.pip-modules/lib/python3.9/site-packages/django/utils/ipv6.py first seen with mtime 1702056911.0
File /workspace/.pip-modules/lib/python3.9/site-packages/sqlparse/filters/reindent.py first seen with mtime 1702056910.0
File /home/gitpod/.pyenv/versions/3.9.17/lib/python3.9/site-packages/defusedxml/common.py first seen with mtime 1702056522.0
File /home/gitpod/.pyenv/versions/3.9.17/lib/python3.9/sre_parse.py first seen with mtime 1702056482.0
File /workspace/.pip-modules/lib/python3.9/site-packages/dj_database_url.py first seen with mtime 1702056937.0
File /workspace/.pip-modules/lib/python3.9/site-packages/django/contrib/staticfiles/utils.py first seen with mtime 1702056911.0
File /home/gitpod/.pyenv/versions/3.9.17/lib/python3.9/http/__init__.py first seen with mtime 1702056484.0
File /workspace/.pip-modules/lib/python3.9/site-packages/django/db/__init__.py first seen with mtime 1702056911.0
File /home/gitpod/.pyenv/versions/3.9.17/lib/python3.9/unittest/suite.py first seen with mtime 1702056485.0
File /home/gitpod/.pyenv/versions/3.9.17/lib/python3.9/asyncio/coroutines.py first seen with mtime 1702056483.0
File /workspace/.pip-modules/lib/python3.9/site-packages/django/core/files/uploadhandler.py first seen with mtime 1702056911.0
File /home/gitpod/.pyenv/versions/3.9.17/lib/python3.9/gzip.py first seen with mtime 1702056482.0
File /workspace/.pip-modules/lib/python3.9/site-packages/django/utils/duration.py first seen with mtime 1702056911.0
File /home/gitpod/.pyenv/versions/3.9.17/lib/python3.9/socket.py first seen with mtime 1702056482.0
File /workspace/.pip-modules/lib/python3.9/site-packages/django/db/models/fields/related_lookups.py first seen with mtime 1702056911.0
File /home/gitpod/.pyenv/versions/3.9.17/lib/python3.9/io.py first seen with mtime 1702056482.0
File /home/gitpod/.pyenv/versions/3.9.17/lib/python3.9/xml/etree/__init__.py first seen with mtime 1702056485.0
File /home/gitpod/.pyenv/versions/3.9.17/lib/python3.9/lib-dynload/_decimal.cpython-39-x86_64-linux-gnu.so first seen with mtime 1702056481.0
File /workspace/.pip-modules/lib/python3.9/site-packages/sqlparse/exceptions.py first seen with mtime 1702056910.0
File /workspace/.pip-modules/lib/python3.9/site-packages/django/db/models/lookups.py first seen with mtime 1702056911.0
File /home/gitpod/.pyenv/versions/3.9.17/lib/python3.9/site-packages/_distutils_hack/__init__.py first seen with mtime 1702056519.0
File /workspace/.pip-modules/lib/python3.9/site-packages/django/views/i18n.py first seen with mtime 1702056911.0
File /workspace/.pip-modules/lib/python3.9/site-packages/django/db/models/functions/mixins.py first seen with mtime 1702056911.0
File /workspace/.pip-modules/lib/python3.9/site-packages/django/utils/encoding.py first seen with mtime 1702056911.0
File /home/gitpod/.pyenv/versions/3.9.17/lib/python3.9/asyncio/constants.py first seen with mtime 1702056483.0
File /home/gitpod/.pyenv/versions/3.9.17/lib/python3.9/importlib/abc.py first seen with mtime 1702056483.0
File /home/gitpod/.pyenv/versions/3.9.17/lib/python3.9/_bootlocale.py first seen with mtime 1702056482.0
File /workspace/.pip-modules/lib/python3.9/site-packages/django/contrib/sessions/base_session.py first seen with mtime 1702056911.0
File /workspace/.pip-modules/lib/python3.9/site-packages/django/db/migrations/state.py first seen with mtime 1702056911.0
File /home/gitpod/.pyenv/versions/3.9.17/lib/python3.9/asyncio/tasks.py first seen with mtime 1702056483.0
File /workspace/.pip-modules/lib/python3.9/site-packages/django/template/backends/__init__.py first seen with mtime 1702056911.0
File /home/gitpod/.pyenv/versions/3.9.17/lib/python3.9/asyncio/__init__.py first seen with mtime 1702056483.0
File /workspace/.pip-modules/lib/python3.9/site-packages/urllib3/util/response.py first seen with mtime 1702056971.0
File /workspace/.pip-modules/lib/python3.9/site-packages/django/template/autoreload.py first seen with mtime 1702056911.0
File /home/gitpod/.pyenv/versions/3.9.17/lib/python3.9/__future__.py first seen with mtime 1702056482.0
File /home/gitpod/.pyenv/versions/3.9.17/lib/python3.9/datetime.py first seen with mtime 1702056482.0
File /workspace/.pip-modules/lib/python3.9/site-packages/django/middleware/__init__.py first seen with mtime 1702056911.0
File /workspace/.pip-modules/lib/python3.9/site-packages/sqlparse/cli.py first seen with mtime 1702056910.0
File /home/gitpod/.pyenv/versions/3.9.17/lib/python3.9/enum.py first seen with mtime 1702056482.0
File /home/gitpod/.pyenv/versions/3.9.17/lib/python3.9/html/parser.py first seen with mtime 1702056484.0
File /workspace/bee-inkspired/manage.py first seen with mtime 1702057035.0
File /workspace/.pip-modules/lib/python3.9/site-packages/django/forms/fields.py first seen with mtime 1702056911.0
File /workspace/.pip-modules/lib/python3.9/site-packages/django/db/models/fields/mixins.py first seen with mtime 1702056911.0
File /home/gitpod/.pyenv/versions/3.9.17/lib/python3.9/lib-dynload/_contextvars.cpython-39-x86_64-linux-gnu.so first seen with mtime 1702056459.0
File /home/gitpod/.pyenv/versions/3.9.17/lib/python3.9/lib-dynload/_bisect.cpython-39-x86_64-linux-gnu.so first seen with mtime 1702056460.0
File /home/gitpod/.pyenv/versions/3.9.17/lib/python3.9/lib-dynload/_lzma.cpython-39-x86_64-linux-gnu.so first seen with mtime 1702056471.0
File /workspace/bee-inkspired/home/forms.py first seen with mtime 1702910089.0
File /home/gitpod/.pyenv/versions/3.9.17/lib/python3.9/reprlib.py first seen with mtime 1702056482.0
File /home/gitpod/.pyenv/versions/3.9.17/lib/python3.9/collections/__init__.py first seen with mtime 1702056484.0
File /workspace/.pip-modules/lib/python3.9/site-packages/django/core/files/locks.py first seen with mtime 1702056911.0
File /workspace/.pip-modules/lib/python3.9/site-packages/django/db/models/fields/proxy.py first seen with mtime 1702056911.0
File /home/gitpod/.pyenv/versions/3.9.17/lib/python3.9/email/charset.py first seen with mtime 1702056484.0
File /workspace/.pip-modules/lib/python3.9/site-packages/PIL/ExifTags.py first seen with mtime 1702495105.0
File /workspace/.pip-modules/lib/python3.9/site-packages/django/core/checks/security/__init__.py first seen with mtime 1702056911.0
File /workspace/.pip-modules/lib/python3.9/site-packages/pytz/__init__.py first seen with mtime 1702056910.0
File /workspace/.pip-modules/lib/python3.9/site-packages/django/contrib/staticfiles/management/commands/__init__.py first seen with mtime 1702056911.0
File /workspace/.pip-modules/lib/python3.9/site-packages/django/contrib/admin/templatetags/admin_modify.py first seen with mtime 1702056910.0
File /home/gitpod/.pyenv/versions/3.9.17/lib/python3.9/unittest/signals.py first seen with mtime 1702056485.0
File /home/gitpod/.pyenv/versions/3.9.17/lib/python3.9/urllib/error.py first seen with mtime 1702056484.0
File /workspace/.pip-modules/lib/python3.9/site-packages/django/utils/crypto.py first seen with mtime 1702056911.0
File /home/gitpod/.pyenv/versions/3.9.17/lib/python3.9/xml/etree/ElementPath.py first seen with mtime 1702056485.0
File /home/gitpod/.pyenv/versions/3.9.17/lib/python3.9/_sitebuiltins.py first seen with mtime 1702056482.0
File /workspace/.pip-modules/lib/python3.9/site-packages/django/core/servers/basehttp.py first seen with mtime 1702056911.0
File /workspace/.pip-modules/lib/python3.9/site-packages/django/views/decorators/csrf.py first seen with mtime 1702056911.0
File /workspace/.pip-modules/lib/python3.9/site-packages/psycopg2/_psycopg.cpython-39-x86_64-linux-gnu.so first seen with mtime 1702056937.0
File /workspace/.pip-modules/lib/python3.9/site-packages/django/contrib/admin/utils.py first seen with mtime 1702056910.0
File /home/gitpod/.pyenv/versions/3.9.17/lib/python3.9/quopri.py first seen with mtime 1702056482.0
File /workspace/.pip-modules/lib/python3.9/site-packages/django/core/wsgi.py first seen with mtime 1702056911.0
File /workspace/.pip-modules/lib/python3.9/site-packages/django/contrib/sessions/middleware.py first seen with mtime 1702056911.0
File /workspace/.pip-modules/lib/python3.9/site-packages/django/template/loaders/filesystem.py first seen with mtime 1702056911.0
File /workspace/.pip-modules/lib/python3.9/site-packages/django/db/migrations/__init__.py first seen with mtime 1702056911.0
File /workspace/.pip-modules/lib/python3.9/site-packages/django/utils/version.py first seen with mtime 1702056911.0
File /home/gitpod/.pyenv/versions/3.9.17/lib/python3.9/site-packages/six.py first seen with mtime 1702056519.0
File /workspace/.pip-modules/lib/python3.9/site-packages/django/contrib/contenttypes/checks.py first seen with mtime 1702056911.0
File /home/gitpod/.pyenv/versions/3.9.17/lib/python3.9/hashlib.py first seen with mtime 1702056482.0
File /workspace/.pip-modules/lib/python3.9/site-packages/cloudinary/utils.py first seen with mtime 1702056957.0
File /home/gitpod/.pyenv/versions/3.9.17/lib/python3.9/http/server.py first seen with mtime 1702056484.0
File /home/gitpod/.pyenv/versions/3.9.17/lib/python3.9/asyncio/futures.py first seen with mtime 1702056483.0
File /workspace/.pip-modules/lib/python3.9/site-packages/psycopg2/extras.py first seen with mtime 1702056937.0
File /home/gitpod/.pyenv/versions/3.9.17/lib/python3.9/mimetypes.py first seen with mtime 1702056482.0
File /workspace/.pip-modules/lib/python3.9/site-packages/django/contrib/contenttypes/models.py first seen with mtime 1702056911.0
File /home/gitpod/.pyenv/versions/3.9.17/lib/python3.9/pickle.py first seen with mtime 1702056482.0
File /home/gitpod/.pyenv/versions/3.9.17/lib/python3.9/queue.py first seen with mtime 1702056482.0
File /workspace/.pip-modules/lib/python3.9/site-packages/django/contrib/admin/decorators.py first seen with mtime 1702056910.0
File /workspace/.pip-modules/lib/python3.9/site-packages/urllib3/_version.py first seen with mtime 1702056971.0
File /workspace/.pip-modules/lib/python3.9/site-packages/django/core/checks/messages.py first seen with mtime 1702056911.0
File /workspace/.pip-modules/lib/python3.9/site-packages/urllib3/util/__init__.py first seen with mtime 1702056971.0
File /home/gitpod/.pyenv/versions/3.9.17/lib/python3.9/email/_parseaddr.py first seen with mtime 1702056484.0
File /home/gitpod/.pyenv/versions/3.9.17/lib/python3.9/html/__init__.py first seen with mtime 1702056484.0
File /workspace/.pip-modules/lib/python3.9/site-packages/django/core/serializers/json.py first seen with mtime 1702056911.0
File /workspace/.pip-modules/lib/python3.9/site-packages/sqlparse/filters/output.py first seen with mtime 1702056910.0
File /home/gitpod/.pyenv/versions/3.9.17/lib/python3.9/asyncio/base_tasks.py first seen with mtime 1702056483.0
File /home/gitpod/.pyenv/versions/3.9.17/lib/python3.9/importlib/resources.py first seen with mtime 1702056483.0
File /home/gitpod/.pyenv/versions/3.9.17/lib/python3.9/unittest/__init__.py first seen with mtime 1702056485.0
File /workspace/.pip-modules/lib/python3.9/site-packages/django/template/library.py first seen with mtime 1702056911.0
File /workspace/.pip-modules/lib/python3.9/site-packages/django/core/serializers/python.py first seen with mtime 1702056911.0
File /workspace/.pip-modules/lib/python3.9/site-packages/cloudinary/cache/responsive_breakpoints_cache.py first seen with mtime 1702056957.0
File /home/gitpod/.pyenv/versions/3.9.17/lib/python3.9/types.py first seen with mtime 1702056482.0
File /workspace/.pip-modules/lib/python3.9/site-packages/sqlparse/formatter.py first seen with mtime 1702056910.0
File /workspace/.pip-modules/lib/python3.9/site-packages/pytz/tzinfo.py first seen with mtime 1702056910.0
File /workspace/.pip-modules/lib/python3.9/site-packages/django/core/files/__init__.py first seen with mtime 1702056911.0
File /workspace/.pip-modules/lib/python3.9/site-packages/django/core/handlers/base.py first seen with mtime 1702056911.0
File /workspace/.pip-modules/lib/python3.9/site-packages/django/core/cache/utils.py first seen with mtime 1702056911.0
File /workspace/.pip-modules/lib/python3.9/site-packages/psycopg2/__init__.py first seen with mtime 1702056937.0
File /workspace/.pip-modules/lib/python3.9/site-packages/django/core/files/uploadedfile.py first seen with mtime 1702056911.0
File /home/gitpod/.pyenv/versions/3.9.17/lib/python3.9/unittest/runner.py first seen with mtime 1702056485.0
File /workspace/.pip-modules/lib/python3.9/site-packages/django/conf/global_settings.py first seen with mtime 1702056910.0
File /home/gitpod/.pyenv/versions/3.9.17/lib/python3.9/heapq.py first seen with mtime 1702056482.0
File /workspace/.pip-modules/lib/python3.9/site-packages/django/utils/cache.py first seen with mtime 1702056911.0
File /home/gitpod/.pyenv/versions/3.9.17/lib/python3.9/email/utils.py first seen with mtime 1702056484.0
File /home/gitpod/.pyenv/versions/3.9.17/lib/python3.9/email/message.py first seen with mtime 1702056484.0
File /workspace/.pip-modules/lib/python3.9/site-packages/django/templatetags/cache.py first seen with mtime 1702056911.0
File /home/gitpod/.pyenv/versions/3.9.17/lib/python3.9/site-packages/defusedxml/ElementTree.py first seen with mtime 1702056522.0
File /workspace/.pip-modules/lib/python3.9/site-packages/django/core/cache/backends/filebased.py first seen with mtime 1702056911.0
File /workspace/.pip-modules/lib/python3.9/site-packages/django/forms/__init__.py first seen with mtime 1702056911.0
File /home/gitpod/.pyenv/versions/3.9.17/lib/python3.9/ntpath.py first seen with mtime 1702056482.0
File /workspace/.pip-modules/lib/python3.9/site-packages/django/contrib/staticfiles/management/commands/runserver.py first seen with mtime 1702056911.0
File /workspace/.pip-modules/lib/python3.9/site-packages/django/db/models/query.py first seen with mtime 1702056911.0
File /workspace/.pip-modules/lib/python3.9/site-packages/django/contrib/auth/decorators.py first seen with mtime 1702056911.0
File /workspace/.pip-modules/lib/python3.9/site-packages/django/db/utils.py first seen with mtime 1702056911.0
File /workspace/.pip-modules/lib/python3.9/site-packages/django/template/loaders/base.py first seen with mtime 1702056911.0
File /workspace/.pip-modules/lib/python3.9/site-packages/django/contrib/admin/exceptions.py first seen with mtime 1702056910.0
File /home/gitpod/.pyenv/versions/3.9.17/lib/python3.9/site-packages/defusedxml/__init__.py first seen with mtime 1702056522.0
File /workspace/.pip-modules/lib/python3.9/site-packages/django/contrib/admin/templatetags/__init__.py first seen with mtime 1702056910.0
File /workspace/.pip-modules/lib/python3.9/site-packages/django/template/loaders/cached.py first seen with mtime 1702056911.0
File /workspace/.pip-modules/lib/python3.9/site-packages/sqlparse/engine/grouping.py first seen with mtime 1702056910.0
File /workspace/.pip-modules/lib/python3.9/site-packages/django/template/exceptions.py first seen with mtime 1702056911.0
File /workspace/.pip-modules/lib/python3.9/site-packages/django/contrib/contenttypes/views.py first seen with mtime 1702056911.0
File /workspace/.pip-modules/lib/python3.9/site-packages/urllib3/connection.py first seen with mtime 1702056971.0
File /home/gitpod/.pyenv/versions/3.9.17/lib/python3.9/asyncio/transports.py first seen with mtime 1702056483.0
File /workspace/.pip-modules/lib/python3.9/site-packages/django/contrib/staticfiles/views.py first seen with mtime 1702056911.0
File /workspace/.pip-modules/lib/python3.9/site-packages/django/utils/inspect.py first seen with mtime 1702056911.0
File /workspace/.pip-modules/lib/python3.9/site-packages/django/views/generic/edit.py first seen with mtime 1702056911.0
File /workspace/.pip-modules/lib/python3.9/site-packages/PIL/_util.py first seen with mtime 1702495105.0
File /workspace/.pip-modules/lib/python3.9/site-packages/django/contrib/auth/admin.py first seen with mtime 1702056911.0
File /workspace/.pip-modules/lib/python3.9/site-packages/django/views/generic/detail.py first seen with mtime 1702056911.0
File /workspace/.pip-modules/lib/python3.9/site-packages/django/contrib/admin/models.py first seen with mtime 1702056910.0
File /home/gitpod/.pyenv/versions/3.9.17/lib/python3.9/pathlib.py first seen with mtime 1702056482.0
File /home/gitpod/.pyenv/versions/3.9.17/lib/python3.9/asyncio/subprocess.py first seen with mtime 1702056483.0
File /workspace/.pip-modules/lib/python3.9/site-packages/django/apps/config.py first seen with mtime 1702056910.0
File /workspace/.pip-modules/lib/python3.9/site-packages/urllib3/packages/six.py first seen with mtime 1702056971.0
File /workspace/.pip-modules/lib/python3.9/site-packages/django/core/checks/__init__.py first seen with mtime 1702056911.0
File /workspace/.pip-modules/lib/python3.9/site-packages/django/db/models/signals.py first seen with mtime 1702056911.0
File /workspace/.pip-modules/lib/python3.9/site-packages/cloudinary/models.py first seen with mtime 1702056957.0
File /home/gitpod/.pyenv/versions/3.9.17/lib/python3.9/_compression.py first seen with mtime 1702056482.0
File /home/gitpod/.pyenv/versions/3.9.17/lib/python3.9/ast.py first seen with mtime 1702056482.0
File /workspace/.pip-modules/lib/python3.9/site-packages/django/db/backends/postgresql/introspection.py first seen with mtime 1702056911.0
File /workspace/.pip-modules/lib/python3.9/site-packages/pytz/tzfile.py first seen with mtime 1702056910.0
File /home/gitpod/.pyenv/versions/3.9.17/lib/python3.9/posixpath.py first seen with mtime 1702056482.0
File /home/gitpod/.pyenv/versions/3.9.17/lib/python3.9/argparse.py first seen with mtime 1702056482.0
File /workspace/.pip-modules/lib/python3.9/site-packages/django/contrib/admin/widgets.py first seen with mtime 1702056910.0
File /home/gitpod/.pyenv/versions/3.9.17/lib/python3.9/re.py first seen with mtime 1702056482.0
File /workspace/.pip-modules/lib/python3.9/site-packages/asgiref/__init__.py first seen with mtime 1702056910.0
File /home/gitpod/.pyenv/versions/3.9.17/lib/python3.9/signal.py first seen with mtime 1702056482.0
File /workspace/.pip-modules/lib/python3.9/site-packages/django/template/defaultfilters.py first seen with mtime 1702056911.0
File /workspace/.pip-modules/lib/python3.9/site-packages/django/db/migrations/operations/utils.py first seen with mtime 1702056911.0
File /workspace/.pip-modules/lib/python3.9/site-packages/django/views/decorators/debug.py first seen with mtime 1702056911.0
File /workspace/.pip-modules/lib/python3.9/site-packages/django/contrib/staticfiles/finders.py first seen with mtime 1702056911.0
File /workspace/.pip-modules/lib/python3.9/site-packages/psycopg2/errors.py first seen with mtime 1702056937.0
File /workspace/.pip-modules/lib/python3.9/site-packages/django/utils/connection.py first seen with mtime 1702056911.0
File /workspace/.pip-modules/lib/python3.9/site-packages/sqlparse/filters/__init__.py first seen with mtime 1702056910.0
File /workspace/.pip-modules/lib/python3.9/site-packages/django/__init__.py first seen with mtime 1702056910.0
File /home/gitpod/.pyenv/versions/3.9.17/lib/python3.9/sre_constants.py first seen with mtime 1702056482.0
File /workspace/.pip-modules/lib/python3.9/site-packages/django/contrib/admin/sites.py first seen with mtime 1702056910.0
File /home/gitpod/.pyenv/versions/3.9.17/lib/python3.9/lib-dynload/_ssl.cpython-39-x86_64-linux-gnu.so first seen with mtime 1702056472.0
File /workspace/.pip-modules/lib/python3.9/site-packages/django/db/backends/base/features.py first seen with mtime 1702056911.0
File /home/gitpod/.pyenv/versions/3.9.17/lib/python3.9/asyncio/trsock.py first seen with mtime 1702056483.0
File /workspace/.pip-modules/lib/python3.9/site-packages/django/contrib/admin/views/__init__.py first seen with mtime 1702056910.0
File /workspace/.pip-modules/lib/python3.9/site-packages/django/db/backends/signals.py first seen with mtime 1702056911.0
File /home/gitpod/.pyenv/versions/3.9.17/lib/python3.9/email/encoders.py first seen with mtime 1702056484.0
File /workspace/.pip-modules/lib/python3.9/site-packages/django/utils/tree.py first seen with mtime 1702056911.0
File /workspace/.pip-modules/lib/python3.9/site-packages/django/contrib/admin/actions.py first seen with mtime 1702056910.0
File /home/gitpod/.pyenv/versions/3.9.17/lib/python3.9/asyncio/runners.py first seen with mtime 1702056483.0
File /workspace/.pip-modules/lib/python3.9/site-packages/django/db/backends/base/creation.py first seen with mtime 1702056911.0
File /home/gitpod/.pyenv/versions/3.9.17/lib/python3.9/platform.py first seen with mtime 1702056482.0
File /workspace/.pip-modules/lib/python3.9/site-packages/django/contrib/auth/models.py first seen with mtime 1702056911.0
File /workspace/.pip-modules/lib/python3.9/site-packages/django/db/backends/postgresql/client.py first seen with mtime 1702056911.0
File /workspace/.pip-modules/lib/python3.9/site-packages/django/utils/deprecation.py first seen with mtime 1702056911.0
File /workspace/.pip-modules/lib/python3.9/site-packages/django/db/transaction.py first seen with mtime 1702056911.0
File /home/gitpod/.pyenv/versions/3.9.17/lib/python3.9/lib-dynload/unicodedata.cpython-39-x86_64-linux-gnu.so first seen with mtime 1702056466.0
File /workspace/.pip-modules/lib/python3.9/site-packages/django/templatetags/i18n.py first seen with mtime 1702056911.0
File /workspace/.pip-modules/lib/python3.9/site-packages/django/db/models/fields/json.py first seen with mtime 1702056911.0
File /workspace/.pip-modules/lib/python3.9/site-packages/django/http/request.py first seen with mtime 1702056911.0
File /home/gitpod/.pyenv/versions/3.9.17/lib/python3.9/tokenize.py first seen with mtime 1702056482.0
File /workspace/.pip-modules/lib/python3.9/site-packages/django/contrib/auth/middleware.py first seen with mtime 1702056911.0
File /workspace/.pip-modules/lib/python3.9/site-packages/django/core/checks/async_checks.py first seen with mtime 1702056911.0
File /workspace/.pip-modules/lib/python3.9/site-packages/cloudinary/search.py first seen with mtime 1702056957.0
File /home/gitpod/.pyenv/versions/3.9.17/lib/python3.9/warnings.py first seen with mtime 1702056482.0
File /workspace/.pip-modules/lib/python3.9/site-packages/django/template/backends/base.py first seen with mtime 1702056911.0
File /workspace/.pip-modules/lib/python3.9/site-packages/django/db/models/aggregates.py first seen with mtime 1702056911.0
File /workspace/.pip-modules/lib/python3.9/site-packages/asgiref/current_thread_executor.py first seen with mtime 1702056910.0
File /home/gitpod/.pyenv/versions/3.9.17/lib/python3.9/struct.py first seen with mtime 1702056482.0
File /workspace/.pip-modules/lib/python3.9/site-packages/django/contrib/staticfiles/handlers.py first seen with mtime 1702056911.0
File /home/gitpod/.pyenv/versions/3.9.17/lib/python3.9/unittest/case.py first seen with mtime 1702056485.0
File /workspace/.pip-modules/lib/python3.9/site-packages/django/utils/lorem_ipsum.py first seen with mtime 1702056911.0
File /home/gitpod/.pyenv/versions/3.9.17/lib/python3.9/asyncio/exceptions.py first seen with mtime 1702056483.0
File /home/gitpod/.pyenv/versions/3.9.17/lib/python3.9/calendar.py first seen with mtime 1702056482.0
File /home/gitpod/.pyenv/versions/3.9.17/lib/python3.9/email/headerregistry.py first seen with mtime 1702056484.0
File /home/gitpod/.pyenv/versions/3.9.17/lib/python3.9/uuid.py first seen with mtime 1702056482.0
File /workspace/.pip-modules/lib/python3.9/site-packages/django/core/files/utils.py first seen with mtime 1702056911.0
File /home/gitpod/.pyenv/versions/3.9.17/lib/python3.9/json/decoder.py first seen with mtime 1702056484.0
File /home/gitpod/.pyenv/versions/3.9.17/lib/python3.9/codecs.py first seen with mtime 1702056482.0
File /workspace/.pip-modules/lib/python3.9/site-packages/django/contrib/sites/__init__.py first seen with mtime 1702056911.0
File /workspace/.pip-modules/lib/python3.9/site-packages/django/contrib/messages/api.py first seen with mtime 1702056911.0
File /home/gitpod/.pyenv/versions/3.9.17/lib/python3.9/lib-dynload/_random.cpython-39-x86_64-linux-gnu.so first seen with mtime 1702056460.0
File /home/gitpod/.pyenv/versions/3.9.17/lib/python3.9/lib-dynload/_datetime.cpython-39-x86_64-linux-gnu.so first seen with mtime 1702056469.0
File /home/gitpod/.pyenv/versions/3.9.17/lib/python3.9/unittest/main.py first seen with mtime 1702056485.0
File /home/gitpod/.pyenv/versions/3.9.17/lib/python3.9/asyncio/log.py first seen with mtime 1702056483.0
File /workspace/.pip-modules/lib/python3.9/site-packages/django/templatetags/l10n.py first seen with mtime 1702056911.0
File /home/gitpod/.pyenv/versions/3.9.17/lib/python3.9/linecache.py first seen with mtime 1702056482.0
File /workspace/.pip-modules/lib/python3.9/site-packages/sqlparse/filters/aligned_indent.py first seen with mtime 1702056910.0
File /workspace/.pip-modules/lib/python3.9/site-packages/django/urls/conf.py first seen with mtime 1702056911.0
File /workspace/.pip-modules/lib/python3.9/site-packages/urllib3/util/ssltransport.py first seen with mtime 1702056971.0
File /workspace/.pip-modules/lib/python3.9/site-packages/django/db/migrations/operations/base.py first seen with mtime 1702056911.0
File /workspace/.pip-modules/lib/python3.9/site-packages/django/db/backends/base/base.py first seen with mtime 1702056911.0
File /home/gitpod/.pyenv/versions/3.9.17/lib/python3.9/lib-dynload/_heapq.cpython-39-x86_64-linux-gnu.so first seen with mtime 1702056460.0
File /workspace/.pip-modules/lib/python3.9/site-packages/django/db/models/functions/comparison.py first seen with mtime 1702056911.0
File /home/gitpod/.pyenv/versions/3.9.17/lib/python3.9/xml/__init__.py first seen with mtime 1702056485.0
File /workspace/.pip-modules/lib/python3.9/site-packages/django/db/models/indexes.py first seen with mtime 1702056911.0
File /workspace/.pip-modules/lib/python3.9/site-packages/django/views/debug.py first seen with mtime 1702056911.0
File /workspace/.pip-modules/lib/python3.9/site-packages/django/core/files/temp.py first seen with mtime 1702056911.0
File /workspace/.pip-modules/lib/python3.9/site-packages/django/forms/utils.py first seen with mtime 1702056911.0
File /workspace/.pip-modules/lib/python3.9/site-packages/pytz/exceptions.py first seen with mtime 1702056910.0
File /home/gitpod/.pyenv/versions/3.9.17/lib/python3.9/asyncio/events.py first seen with mtime 1702056483.0
File /home/gitpod/.pyenv/versions/3.9.17/lib/python3.9/concurrent/futures/__init__.py first seen with mtime 1702056484.0
File /workspace/.pip-modules/lib/python3.9/site-packages/django/contrib/auth/backends.py first seen with mtime 1702056911.0
File /workspace/.pip-modules/lib/python3.9/site-packages/sqlparse/sql.py first seen with mtime 1702056910.0
File /workspace/.pip-modules/lib/python3.9/site-packages/psycopg2/errorcodes.py first seen with mtime 1702056937.0
File /home/gitpod/.pyenv/versions/3.9.17/lib/python3.9/wsgiref/simple_server.py first seen with mtime 1702056484.0
File /home/gitpod/.pyenv/versions/3.9.17/lib/python3.9/selectors.py first seen with mtime 1702056482.0
File /workspace/.pip-modules/lib/python3.9/site-packages/django/db/migrations/operations/models.py first seen with mtime 1702056911.0
File /workspace/.pip-modules/lib/python3.9/site-packages/django/core/handlers/exception.py first seen with mtime 1702056911.0
File /workspace/.pip-modules/lib/python3.9/site-packages/django/db/migrations/exceptions.py first seen with mtime 1702056911.0
File /workspace/.pip-modules/lib/python3.9/site-packages/django/template/defaulttags.py first seen with mtime 1702056911.0
File /home/gitpod/.pyenv/versions/3.9.17/lib/python3.9/difflib.py first seen with mtime 1702056482.0
File /workspace/.pip-modules/lib/python3.9/site-packages/sqlparse/filters/right_margin.py first seen with mtime 1702056910.0
File /home/gitpod/.pyenv/versions/3.9.17/lib/python3.9/_weakrefset.py first seen with mtime 1702056482.0
File /home/gitpod/.pyenv/versions/3.9.17/lib/python3.9/urllib/response.py first seen with mtime 1702056484.0
File /workspace/.pip-modules/lib/python3.9/site-packages/django/contrib/auth/tokens.py first seen with mtime 1702056911.0
File /home/gitpod/.pyenv/versions/3.9.17/lib/python3.9/email/mime/__init__.py first seen with mtime 1702056484.0
File /workspace/.pip-modules/lib/python3.9/site-packages/PIL/_version.py first seen with mtime 1702495105.0
File /home/gitpod/.pyenv/versions/3.9.17/lib/python3.9/json/encoder.py first seen with mtime 1702056484.0
File /workspace/.pip-modules/lib/python3.9/site-packages/urllib3/connectionpool.py first seen with mtime 1702056971.0
File /workspace/.pip-modules/lib/python3.9/site-packages/django/core/cache/backends/__init__.py first seen with mtime 1702056911.0
File /home/gitpod/.pyenv/versions/3.9.17/lib/python3.9/importlib/__init__.py first seen with mtime 1702056483.0
File /home/gitpod/.pyenv/versions/3.9.17/lib/python3.9/uu.py first seen with mtime 1702056482.0
File /workspace/.pip-modules/lib/python3.9/site-packages/django/contrib/contenttypes/fields.py first seen with mtime 1702056911.0
File /workspace/.pip-modules/lib/python3.9/site-packages/django/contrib/sessions/models.py first seen with mtime 1702056911.0
File /workspace/.pip-modules/lib/python3.9/site-packages/django/core/files/base.py first seen with mtime 1702056911.0
File /workspace/.pip-modules/lib/python3.9/site-packages/django/urls/exceptions.py first seen with mtime 1702056911.0
File /workspace/.pip-modules/lib/python3.9/site-packages/psycopg2/_ipaddress.py first seen with mtime 1702056937.0
File /workspace/.pip-modules/lib/python3.9/site-packages/django/contrib/messages/storage/__init__.py first seen with mtime 1702056911.0
File /workspace/.pip-modules/lib/python3.9/site-packages/django/db/models/deletion.py first seen with mtime 1702056911.0
File /home/gitpod/.pyenv/versions/3.9.17/lib/python3.9/tempfile.py first seen with mtime 1702056482.0
File /home/gitpod/.pyenv/versions/3.9.17/lib/python3.9/concurrent/futures/thread.py first seen with mtime 1702056484.0
File /workspace/.pip-modules/lib/python3.9/site-packages/django/db/models/enums.py first seen with mtime 1702056911.0
File /workspace/.pip-modules/lib/python3.9/site-packages/urllib3/contrib/__init__.py first seen with mtime 1702056971.0
File /workspace/.pip-modules/lib/python3.9/site-packages/django/core/files/move.py first seen with mtime 1702056911.0
File /workspace/.pip-modules/lib/python3.9/site-packages/django/utils/topological_sort.py first seen with mtime 1702056911.0
File /workspace/.pip-modules/lib/python3.9/site-packages/django/core/mail/utils.py first seen with mtime 1702056911.0
File /workspace/.pip-modules/lib/python3.9/site-packages/asgiref/local.py first seen with mtime 1702056910.0
File /workspace/.pip-modules/lib/python3.9/site-packages/django/template/utils.py first seen with mtime 1702056911.0
File /workspace/.pip-modules/lib/python3.9/site-packages/django/core/mail/message.py first seen with mtime 1702056911.0
File /home/gitpod/.pyenv/versions/3.9.17/lib/python3.9/site.py first seen with mtime 1702056482.0
File /workspace/.pip-modules/lib/python3.9/site-packages/django/db/models/sql/query.py first seen with mtime 1702056911.0
File /workspace/.pip-modules/lib/python3.9/site-packages/django/contrib/staticfiles/checks.py first seen with mtime 1702056911.0
File /workspace/.pip-modules/lib/python3.9/site-packages/django/core/checks/model_checks.py first seen with mtime 1702056911.0
File /workspace/.pip-modules/lib/python3.9/site-packages/urllib3/__init__.py first seen with mtime 1702056971.0
File /workspace/.pip-modules/lib/python3.9/site-packages/django/dispatch/__init__.py first seen with mtime 1702056911.0
File /workspace/.pip-modules/lib/python3.9/site-packages/django/db/models/query_utils.py first seen with mtime 1702056911.0
File /home/gitpod/.pyenv/versions/3.9.17/lib/python3.9/http/cookies.py first seen with mtime 1702056484.0
File /workspace/.pip-modules/lib/python3.9/site-packages/django/urls/__init__.py first seen with mtime 1702056911.0
File /workspace/.pip-modules/lib/python3.9/site-packages/urllib3/util/queue.py first seen with mtime 1702056971.0
File /workspace/.pip-modules/lib/python3.9/site-packages/django/db/models/functions/math.py first seen with mtime 1702056911.0
File /home/gitpod/.pyenv/versions/3.9.17/lib/python3.9/email/_header_value_parser.py first seen with mtime 1702056484.0
File /workspace/.pip-modules/lib/python3.9/site-packages/django/db/models/functions/text.py first seen with mtime 1702056911.0
File /workspace/.pip-modules/lib/python3.9/site-packages/django/http/response.py first seen with mtime 1702056911.0
File /workspace/.pip-modules/lib/python3.9/site-packages/django/contrib/admin/views/main.py first seen with mtime 1702056910.0
File /home/gitpod/.pyenv/versions/3.9.17/lib/python3.9/urllib/__init__.py first seen with mtime 1702056484.0
File /workspace/.pip-modules/lib/python3.9/site-packages/django/views/decorators/__init__.py first seen with mtime 1702056911.0
File /workspace/.pip-modules/lib/python3.9/site-packages/django/template/loaders/app_directories.py first seen with mtime 1702056911.0
File /home/gitpod/.pyenv/versions/3.9.17/lib/python3.9/lib-dynload/math.cpython-39-x86_64-linux-gnu.so first seen with mtime 1702056464.0
File /home/gitpod/.pyenv/versions/3.9.17/lib/python3.9/opcode.py first seen with mtime 1702056482.0
File /workspace/.pip-modules/lib/python3.9/site-packages/django/core/checks/templates.py first seen with mtime 1702056911.0
File /workspace/.pip-modules/lib/python3.9/site-packages/django/forms/models.py first seen with mtime 1702056911.0
File /workspace/.pip-modules/lib/python3.9/site-packages/sqlparse/engine/statement_splitter.py first seen with mtime 1702056910.0
File /workspace/.pip-modules/lib/python3.9/site-packages/django/contrib/sessions/backends/__init__.py first seen with mtime 1702056911.0
File /workspace/.pip-modules/lib/python3.9/site-packages/django/core/management/__init__.py first seen with mtime 1702056911.0
File /workspace/.pip-modules/lib/python3.9/site-packages/django/contrib/admin/templatetags/log.py first seen with mtime 1702056910.0
File /workspace/.pip-modules/lib/python3.9/site-packages/django/db/models/fields/related.py first seen with mtime 1702056911.0
File /workspace/bee-inkspired/home/decorators.py first seen with mtime 1702904641.0
File /workspace/.pip-modules/lib/python3.9/site-packages/django/utils/__init__.py first seen with mtime 1702056911.0
File /home/gitpod/.pyenv/versions/3.9.17/lib/python3.9/typing.py first seen with mtime 1702056482.0
File /workspace/.pip-modules/lib/python3.9/site-packages/sqlparse/tokens.py first seen with mtime 1702056910.0
File /workspace/.pip-modules/lib/python3.9/site-packages/django/db/models/options.py first seen with mtime 1702056911.0
File /workspace/.pip-modules/lib/python3.9/site-packages/cloudinary/http_client.py first seen with mtime 1702056957.0
File /workspace/.pip-modules/lib/python3.9/site-packages/django/contrib/contenttypes/apps.py first seen with mtime 1702056911.0
File /home/gitpod/.pyenv/versions/3.9.17/lib/python3.9/email/quoprimime.py first seen with mtime 1702056484.0
File /workspace/.pip-modules/lib/python3.9/site-packages/django/contrib/auth/hashers.py first seen with mtime 1702056911.0
File /workspace/.pip-modules/lib/python3.9/site-packages/django/forms/widgets.py first seen with mtime 1702056911.0
File /workspace/.pip-modules/lib/python3.9/site-packages/django/contrib/staticfiles/storage.py first seen with mtime 1702056911.0
File /home/gitpod/.pyenv/versions/3.9.17/lib/python3.9/keyword.py first seen with mtime 1702056482.0
File /workspace/.pip-modules/lib/python3.9/site-packages/cloudinary/auth_token.py first seen with mtime 1702056957.0
File /workspace/.pip-modules/lib/python3.9/site-packages/django/utils/dateformat.py first seen with mtime 1702056911.0
File /home/gitpod/.pyenv/versions/3.9.17/lib/python3.9/logging/__init__.py first seen with mtime 1702056484.0
File /home/gitpod/.pyenv/versions/3.9.17/lib/python3.9/asyncio/sslproto.py first seen with mtime 1702056483.0
File /workspace/.pip-modules/lib/python3.9/site-packages/django/core/checks/registry.py first seen with mtime 1702056911.0
File /workspace/.pip-modules/lib/python3.9/site-packages/django/utils/http.py first seen with mtime 1702056911.0
File /home/gitpod/.pyenv/versions/3.9.17/lib/python3.9/wsgiref/headers.py first seen with mtime 1702056484.0
File /workspace/.pip-modules/lib/python3.9/site-packages/django/views/generic/__init__.py first seen with mtime 1702056911.0
File /home/gitpod/.pyenv/versions/3.9.17/lib/python3.9/asyncio/threads.py first seen with mtime 1702056483.0
File /workspace/.pip-modules/lib/python3.9/site-packages/django/core/serializers/__init__.py first seen with mtime 1702056911.0
File /workspace/.pip-modules/lib/python3.9/site-packages/urllib3/request.py first seen with mtime 1702056971.0
File /home/gitpod/.pyenv/versions/3.9.17/lib/python3.9/lib-dynload/array.cpython-39-x86_64-linux-gnu.so first seen with mtime 1702056463.0
File /home/gitpod/.pyenv/versions/3.9.17/lib/python3.9/wsgiref/__init__.py first seen with mtime 1702056484.0
File /workspace/.pip-modules/lib/python3.9/site-packages/django/template/base.py first seen with mtime 1702056911.0
File /workspace/.pip-modules/lib/python3.9/site-packages/django/views/csrf.py first seen with mtime 1702056911.0
File /workspace/.pip-modules/lib/python3.9/site-packages/django/urls/converters.py first seen with mtime 1702056911.0
File /workspace/bee-inkspired/home/admin.py first seen with mtime 1702904541.0
File /workspace/.pip-modules/lib/python3.9/site-packages/django/contrib/contenttypes/__init__.py first seen with mtime 1702056911.0
File /workspace/.pip-modules/lib/python3.9/site-packages/django/db/models/sql/constants.py first seen with mtime 1702056911.0
File /home/gitpod/.pyenv/versions/3.9.17/lib/python3.9/contextvars.py first seen with mtime 1702056482.0
File /home/gitpod/.pyenv/versions/3.9.17/lib/python3.9/lib-dynload/_blake2.cpython-39-x86_64-linux-gnu.so first seen with mtime 1702056473.0
File /home/gitpod/.pyenv/versions/3.9.17/lib/python3.9/email/generator.py first seen with mtime 1702056484.0
File /workspace/.pip-modules/lib/python3.9/site-packages/django/db/models/sql/__init__.py first seen with mtime 1702056911.0
File /workspace/.pip-modules/lib/python3.9/site-packages/cloudinary/uploader.py first seen with mtime 1702056957.0
File /workspace/.pip-modules/lib/python3.9/site-packages/django/contrib/admin/checks.py first seen with mtime 1702056910.0
File /home/gitpod/.pyenv/versions/3.9.17/lib/python3.9/importlib/util.py first seen with mtime 1702056483.0
File /workspace/.pip-modules/lib/python3.9/site-packages/urllib3/contrib/appengine.py first seen with mtime 1702056971.0
File /home/gitpod/.pyenv/versions/3.9.17/lib/python3.9/site-packages/cffi/error.py first seen with mtime 1702056527.0
File /workspace/.pip-modules/lib/python3.9/site-packages/django/contrib/admin/views/autocomplete.py first seen with mtime 1702056910.0
File /workspace/.pip-modules/lib/python3.9/site-packages/django/db/models/fields/related_descriptors.py first seen with mtime 1702056911.0
File /workspace/.pip-modules/lib/python3.9/site-packages/django/templatetags/static.py first seen with mtime 1702056911.0
File /home/gitpod/.pyenv/versions/3.9.17/lib/python3.9/encodings/__init__.py first seen with mtime 1702056484.0
File /workspace/.pip-modules/lib/python3.9/site-packages/django/core/checks/translation.py first seen with mtime 1702056911.0
File /home/gitpod/.pyenv/versions/3.9.17/lib/python3.9/inspect.py first seen with mtime 1702056482.0
File /home/gitpod/.pyenv/versions/3.9.17/lib/python3.9/urllib/request.py first seen with mtime 1702056484.0
File /workspace/.pip-modules/lib/python3.9/site-packages/django/db/backends/postgresql/operations.py first seen with mtime 1702056911.0
File /workspace/.pip-modules/lib/python3.9/site-packages/django/http/__init__.py first seen with mtime 1702056911.0
File /workspace/.pip-modules/lib/python3.9/site-packages/django/core/paginator.py first seen with mtime 1702056911.0
File /workspace/.pip-modules/lib/python3.9/site-packages/cloudinary_storage/templatetags/cloudinary_static.py first seen with mtime 1702056957.0
File /workspace/.pip-modules/lib/python3.9/site-packages/django/contrib/admin/filters.py first seen with mtime 1702056910.0
File /workspace/.pip-modules/lib/python3.9/site-packages/django/utils/translation/trans_real.py first seen with mtime 1702056911.0
File /workspace/.pip-modules/lib/python3.9/site-packages/django/utils/functional.py first seen with mtime 1702056911.0
File /home/gitpod/.pyenv/versions/3.9.17/lib/python3.9/email/mime/text.py first seen with mtime 1702056484.0
File /home/gitpod/.pyenv/versions/3.9.17/lib/python3.9/email/iterators.py first seen with mtime 1702056484.0
File /workspace/.pip-modules/lib/python3.9/site-packages/django/core/signing.py first seen with mtime 1702056911.0
File /home/gitpod/.pyenv/versions/3.9.17/lib/python3.9/bisect.py first seen with mtime 1702056482.0
File /workspace/.pip-modules/lib/python3.9/site-packages/django/views/__init__.py first seen with mtime 1702056911.0
File /workspace/.pip-modules/lib/python3.9/site-packages/django/contrib/auth/base_user.py first seen with mtime 1702056911.0
File /workspace/.pip-modules/lib/python3.9/site-packages/django/db/models/sql/subqueries.py first seen with mtime 1702056911.0
File /home/gitpod/.pyenv/versions/3.9.17/lib/python3.9/ipaddress.py first seen with mtime 1702056482.0
File /workspace/.pip-modules/lib/python3.9/site-packages/urllib3/util/proxy.py first seen with mtime 1702056971.0
File /workspace/bee-inkspired/beeinkspired/__init__.py first seen with mtime 1702057035.0
File /home/gitpod/.pyenv/versions/3.9.17/lib/python3.9/lib-dynload/binascii.cpython-39-x86_64-linux-gnu.so first seen with mtime 1702056471.0
File /home/gitpod/.pyenv/versions/3.9.17/lib/python3.9/email/mime/multipart.py first seen with mtime 1702056484.0
File /home/gitpod/.pyenv/versions/3.9.17/lib/python3.9/bz2.py first seen with mtime 1702056482.0
File /workspace/.pip-modules/lib/python3.9/site-packages/django/db/models/constraints.py first seen with mtime 1702056911.0
File /home/gitpod/.pyenv/versions/3.9.17/lib/python3.9/lib-dynload/termios.cpython-39-x86_64-linux-gnu.so first seen with mtime 1702056468.0
File /workspace/.pip-modules/lib/python3.9/site-packages/PIL/_binary.py first seen with mtime 1702495105.0
File /workspace/.pip-modules/lib/python3.9/site-packages/django/templatetags/tz.py first seen with mtime 1702056911.0
File /workspace/.pip-modules/lib/python3.9/site-packages/cloudinary/api_client/tcp_keep_alive_manager.py first seen with mtime 1702056957.0
File /workspace/.pip-modules/lib/python3.9/site-packages/django/core/management/commands/__init__.py first seen with mtime 1702056911.0
File /workspace/.pip-modules/lib/python3.9/site-packages/django/middleware/security.py first seen with mtime 1702056911.0
File /workspace/.pip-modules/lib/python3.9/site-packages/django/contrib/messages/apps.py first seen with mtime 1702056911.0
File /workspace/bee-inkspired/home/models.py first seen with mtime 1702910334.0
File /workspace/.pip-modules/lib/python3.9/site-packages/django/views/generic/list.py first seen with mtime 1702056911.0
File /workspace/.pip-modules/lib/python3.9/site-packages/cloudinary_storage/templatetags/__init__.py first seen with mtime 1702056957.0
File /workspace/.pip-modules/lib/python3.9/site-packages/django/core/handlers/__init__.py first seen with mtime 1702056911.0
File /home/gitpod/.pyenv/versions/3.9.17/lib/python3.9/email/base64mime.py first seen with mtime 1702056484.0
File /workspace/.pip-modules/lib/python3.9/site-packages/django/conf/__init__.py first seen with mtime 1702056910.0
File /workspace/.pip-modules/lib/python3.9/site-packages/django/db/models/constants.py first seen with mtime 1702056911.0
File /workspace/.pip-modules/lib/python3.9/site-packages/django/contrib/messages/constants.py first seen with mtime 1702056911.0
File /home/gitpod/.pyenv/versions/3.9.17/lib/python3.9/copy.py first seen with mtime 1702056482.0
File /workspace/.pip-modules/lib/python3.9/site-packages/django/views/generic/dates.py first seen with mtime 1702056911.0
File /home/gitpod/.pyenv/versions/3.9.17/lib/python3.9/lib-dynload/_json.cpython-39-x86_64-linux-gnu.so first seen with mtime 1702056464.0
File /workspace/.pip-modules/lib/python3.9/site-packages/PIL/ImageMode.py first seen with mtime 1702495105.0
File /home/gitpod/.pyenv/versions/3.9.17/lib/python3.9/unittest/util.py first seen with mtime 1702056485.0
File /workspace/.pip-modules/lib/python3.9/site-packages/django/contrib/auth/checks.py first seen with mtime 1702056911.0
File /home/gitpod/.pyenv/versions/3.9.17/lib/python3.9/asyncio/base_subprocess.py first seen with mtime 1702056483.0
File /workspace/.pip-modules/lib/python3.9/site-packages/urllib3/util/connection.py first seen with mtime 1702056971.0
File /workspace/.pip-modules/lib/python3.9/site-packages/cloudinary/compat.py first seen with mtime 1702056957.0
File /workspace/.pip-modules/lib/python3.9/site-packages/django/contrib/messages/__init__.py first seen with mtime 1702056911.0
File /workspace/.pip-modules/lib/python3.9/site-packages/django/db/models/__init__.py first seen with mtime 1702056911.0
File /home/gitpod/.pyenv/versions/3.9.17/lib/python3.9/functools.py first seen with mtime 1702056482.0
File /home/gitpod/.pyenv/versions/3.9.17/lib/python3.9/glob.py first seen with mtime 1702056482.0
File /home/gitpod/.pyenv/versions/3.9.17/lib/python3.9/zipfile.py first seen with mtime 1702056482.0
File /workspace/.pip-modules/lib/python3.9/site-packages/django/db/migrations/utils.py first seen with mtime 1702056911.0
File /workspace/.pip-modules/lib/python3.9/site-packages/django/utils/autoreload.py first seen with mtime 1702056911.0
File /workspace/.pip-modules/lib/python3.9/site-packages/django/views/static.py first seen with mtime 1702056911.0
File /home/gitpod/.pyenv/versions/3.9.17/lib/python3.9/asyncio/unix_events.py first seen with mtime 1702056483.0
File /workspace/.pip-modules/lib/python3.9/site-packages/urllib3/_collections.py first seen with mtime 1702056971.0
File /workspace/.pip-modules/lib/python3.9/site-packages/django/db/backends/ddl_references.py first seen with mtime 1702056911.0
File /workspace/.pip-modules/lib/python3.9/site-packages/django/db/models/fields/reverse_related.py first seen with mtime 1702056911.0
File /workspace/.pip-modules/lib/python3.9/site-packages/django/utils/datastructures.py first seen with mtime 1702056911.0
File /workspace/.pip-modules/lib/python3.9/site-packages/urllib3/util/ssl_.py first seen with mtime 1702056971.0
File /home/gitpod/.pyenv/versions/3.9.17/lib/python3.9/email/parser.py first seen with mtime 1702056484.0
File /home/gitpod/.pyenv/versions/3.9.17/lib/python3.9/site-packages/typing_extensions.py first seen with mtime 1702056518.0
File /workspace/.pip-modules/lib/python3.9/site-packages/psycopg2/extensions.py first seen with mtime 1702056937.0
File /home/gitpod/.pyenv/versions/3.9.17/lib/python3.9/email/_policybase.py first seen with mtime 1702056484.0
File /workspace/.pip-modules/lib/python3.9/site-packages/django/template/loaders/__init__.py first seen with mtime 1702056911.0
File /workspace/.pip-modules/lib/python3.9/site-packages/django/core/handlers/asgi.py first seen with mtime 1702056911.0
File /workspace/.pip-modules/lib/python3.9/site-packages/cloudinary/__init__.py first seen with mtime 1702056957.0
File /workspace/.pip-modules/lib/python3.9/site-packages/django/contrib/contenttypes/forms.py first seen with mtime 1702056911.0
File /home/gitpod/.pyenv/versions/3.9.17/lib/python3.9/lib-dynload/_sha512.cpython-39-x86_64-linux-gnu.so first seen with mtime 1702056468.0
File /workspace/.pip-modules/lib/python3.9/site-packages/django/contrib/auth/signals.py first seen with mtime 1702056911.0
File /workspace/.pip-modules/lib/python3.9/site-packages/django/db/models/functions/__init__.py first seen with mtime 1702056911.0
File /workspace/.pip-modules/lib/python3.9/site-packages/django/urls/utils.py first seen with mtime 1702056911.0
File /workspace/.pip-modules/lib/python3.9/site-packages/django/db/backends/__init__.py first seen with mtime 1702056911.0
File /workspace/.pip-modules/lib/python3.9/site-packages/django/conf/locale/__init__.py first seen with mtime 1702056910.0
File /home/gitpod/.pyenv/versions/3.9.17/lib/python3.9/wsgiref/util.py first seen with mtime 1702056484.0
File /workspace/.pip-modules/lib/python3.9/site-packages/django/utils/text.py first seen with mtime 1702056911.0
File /home/gitpod/.pyenv/versions/3.9.17/lib/python3.9/lib-dynload/_opcode.cpython-39-x86_64-linux-gnu.so first seen with mtime 1702056459.0
File /home/gitpod/.pyenv/versions/3.9.17/lib/python3.9/fractions.py first seen with mtime 1702056482.0
File /workspace/.pip-modules/lib/python3.9/site-packages/django/contrib/auth/password_validation.py first seen with mtime 1702056911.0
File /workspace/.pip-modules/lib/python3.9/site-packages/urllib3/fields.py first seen with mtime 1702056971.0
File /home/gitpod/.pyenv/versions/3.9.17/lib/python3.9/lib-dynload/zlib.cpython-39-x86_64-linux-gnu.so first seen with mtime 1702056471.0
File /workspace/.pip-modules/lib/python3.9/site-packages/django/contrib/__init__.py first seen with mtime 1702056910.0
File /workspace/.pip-modules/lib/python3.9/site-packages/django/db/models/sql/datastructures.py first seen with mtime 1702056911.0
File /workspace/bee-inkspired/home/urls.py first seen with mtime 1702831659.0
File /workspace/.pip-modules/lib/python3.9/site-packages/django/db/models/expressions.py first seen with mtime 1702056911.0
File /workspace/.pip-modules/lib/python3.9/site-packages/django/utils/hashable.py first seen with mtime 1702056911.0
File /home/gitpod/.pyenv/versions/3.9.17/lib/python3.9/email/policy.py first seen with mtime 1702056484.0
File /home/gitpod/.pyenv/versions/3.9.17/lib/python3.9/importlib/_common.py first seen with mtime 1702056483.0
File /home/gitpod/.pyenv/versions/3.9.17/lib/python3.9/lib-dynload/_asyncio.cpython-39-x86_64-linux-gnu.so first seen with mtime 1702056464.0
File /workspace/.pip-modules/lib/python3.9/site-packages/django/contrib/auth/apps.py first seen with mtime 1702056911.0
File /home/gitpod/.pyenv/versions/3.9.17/lib/python3.9/operator.py first seen with mtime 1702056482.0
File /workspace/.pip-modules/lib/python3.9/site-packages/django/template/engine.py first seen with mtime 1702056911.0
File /home/gitpod/.pyenv/versions/3.9.17/lib/python3.9/hmac.py first seen with mtime 1702056482.0
File /workspace/.pip-modules/lib/python3.9/site-packages/django/core/cache/backends/base.py first seen with mtime 1702056911.0
File /workspace/.pip-modules/lib/python3.9/site-packages/django/core/checks/security/sessions.py first seen with mtime 1702056911.0
File /workspace/.pip-modules/lib/python3.9/site-packages/django/db/models/fields/__init__.py first seen with mtime 1702056911.0
File /workspace/.pip-modules/lib/python3.9/site-packages/django/utils/datetime_safe.py first seen with mtime 1702056911.0
File /home/gitpod/.pyenv/versions/3.9.17/lib/python3.9/unittest/result.py first seen with mtime 1702056485.0
File /workspace/.pip-modules/lib/python3.9/site-packages/django/db/backends/base/introspection.py first seen with mtime 1702056911.0
File /home/gitpod/.pyenv/versions/3.9.17/lib/python3.9/xml/parsers/expat.py first seen with mtime 1702056485.0
File /workspace/.pip-modules/lib/python3.9/site-packages/django/core/checks/security/base.py first seen with mtime 1702056911.0
File /workspace/bee-inkspired/home/views.py first seen with mtime 1702911916.0
File /workspace/.pip-modules/lib/python3.9/site-packages/django/core/management/color.py first seen with mtime 1702056911.0
File /workspace/.pip-modules/lib/python3.9/site-packages/django/core/management/commands/runserver.py first seen with mtime 1702056911.0
File /workspace/.pip-modules/lib/python3.9/site-packages/django/core/cache/__init__.py first seen with mtime 1702056911.0
File /workspace/.pip-modules/lib/python3.9/site-packages/django/db/backends/postgresql/__init__.py first seen with mtime 1702056911.0
File /workspace/.pip-modules/lib/python3.9/site-packages/cloudinary/search_folders.py first seen with mtime 1702056957.0
File /workspace/bee-inkspired/beeinkspired/settings.py first seen with mtime 1702926531.7463694
File /workspace/.pip-modules/lib/python3.9/site-packages/django/contrib/admin/templatetags/admin_list.py first seen with mtime 1702056910.0
File /home/gitpod/.pyenv/versions/3.9.17/lib/python3.9/_collections_abc.py first seen with mtime 1702056482.0
File /workspace/.pip-modules/lib/python3.9/site-packages/django/contrib/auth/__init__.py first seen with mtime 1702056911.0
File /workspace/.pip-modules/lib/python3.9/site-packages/django/db/models/sql/where.py first seen with mtime 1702056911.0
File /workspace/.pip-modules/lib/python3.9/site-packages/urllib3/response.py first seen with mtime 1702056971.0
File /home/gitpod/.pyenv/versions/3.9.17/lib/python3.9/copyreg.py first seen with mtime 1702056482.0
File /workspace/.pip-modules/lib/python3.9/site-packages/urllib3/util/timeout.py first seen with mtime 1702056971.0
File /workspace/.pip-modules/lib/python3.9/site-packages/django/utils/html.py first seen with mtime 1702056911.0
File /home/gitpod/.pyenv/versions/3.9.17/lib/python3.9/email/__init__.py first seen with mtime 1702056484.0
File /workspace/.pip-modules/lib/python3.9/site-packages/django/utils/formats.py first seen with mtime 1702056911.0
File /home/gitpod/.pyenv/versions/3.9.17/lib/python3.9/socketserver.py first seen with mtime 1702056482.0
File /home/gitpod/.pyenv/versions/3.9.17/lib/python3.9/token.py first seen with mtime 1702056482.0
File /workspace/.pip-modules/lib/python3.9/site-packages/django/core/signals.py first seen with mtime 1702056911.0
File /home/gitpod/.pyenv/versions/3.9.17/lib/python3.9/lib-dynload/_socket.cpython-39-x86_64-linux-gnu.so first seen with mtime 1702056471.0
File /workspace/.pip-modules/lib/python3.9/site-packages/django/core/servers/__init__.py first seen with mtime 1702056911.0
File /workspace/.pip-modules/lib/python3.9/site-packages/django/middleware/csrf.py first seen with mtime 1702056911.0
File /workspace/.pip-modules/lib/python3.9/site-packages/django/core/checks/database.py first seen with mtime 1702056911.0
File /home/gitpod/.pyenv/versions/3.9.17/lib/python3.9/site-packages/cffi/lock.py first seen with mtime 1702056527.0
File /workspace/.pip-modules/lib/python3.9/site-packages/django/utils/safestring.py first seen with mtime 1702056911.0
File /home/gitpod/.pyenv/versions/3.9.17/lib/python3.9/xml/etree/ElementTree.py first seen with mtime 1702056485.0
File /home/gitpod/.pyenv/versions/3.9.17/lib/python3.9/concurrent/__init__.py first seen with mtime 1702056484.0
File /workspace/.pip-modules/lib/python3.9/site-packages/psycopg2/_json.py first seen with mtime 1702056937.0
File /workspace/.pip-modules/lib/python3.9/site-packages/django/db/backends/base/client.py first seen with mtime 1702056911.0
File /workspace/.pip-modules/lib/python3.9/site-packages/PIL/__init__.py first seen with mtime 1702495105.0
File /workspace/.pip-modules/lib/python3.9/site-packages/sqlparse/engine/filter_stack.py first seen with mtime 1702056910.0
File /home/gitpod/.pyenv/versions/3.9.17/lib/python3.9/dis.py first seen with mtime 1702056482.0
File /workspace/.pip-modules/lib/python3.9/site-packages/urllib3/exceptions.py first seen with mtime 1702056971.0
File /home/gitpod/.pyenv/versions/3.9.17/lib/python3.9/email/header.py first seen with mtime 1702056484.0
File /home/gitpod/.pyenv/versions/3.9.17/lib/python3.9/_compat_pickle.py first seen with mtime 1702056482.0
File /workspace/.pip-modules/lib/python3.9/site-packages/django/urls/base.py first seen with mtime 1702056911.0
File /home/gitpod/.pyenv/versions/3.9.17/lib/python3.9/cgi.py first seen with mtime 1702056482.0
File /home/gitpod/.pyenv/versions/3.9.17/lib/python3.9/traceback.py first seen with mtime 1702056482.0
File /workspace/.pip-modules/lib/python3.9/site-packages/django/core/checks/security/csrf.py first seen with mtime 1702056911.0
File /workspace/.pip-modules/lib/python3.9/site-packages/cloudinary/cache/adapter/cache_adapter.py first seen with mtime 1702056957.0
File /home/gitpod/.pyenv/versions/3.9.17/lib/python3.9/lib-dynload/_struct.cpython-39-x86_64-linux-gnu.so first seen with mtime 1702056463.0
File /workspace/.pip-modules/lib/python3.9/site-packages/django/utils/dateparse.py first seen with mtime 1702056911.0
File /home/gitpod/.pyenv/versions/3.9.17/lib/python3.9/encodings/utf_8.py first seen with mtime 1702056484.0
File /home/gitpod/.pyenv/versions/3.9.17/lib/python3.9/collections/abc.py first seen with mtime 1702056484.0
File /workspace/.pip-modules/lib/python3.9/site-packages/django/contrib/admin/templatetags/admin_urls.py first seen with mtime 1702056910.0
File /workspace/.pip-modules/lib/python3.9/site-packages/django/core/__init__.py first seen with mtime 1702056911.0
File /workspace/.pip-modules/lib/python3.9/site-packages/django/http/cookie.py first seen with mtime 1702056911.0
File /workspace/.pip-modules/lib/python3.9/site-packages/django/core/files/images.py first seen with mtime 1702056911.0
File /workspace/.pip-modules/lib/python3.9/site-packages/cloudinary/forms.py first seen with mtime 1702056957.0
File /home/gitpod/.pyenv/versions/3.9.17/lib/python3.9/logging/config.py first seen with mtime 1702056484.0
File /home/gitpod/.pyenv/versions/3.9.17/lib/python3.9/lib-dynload/select.cpython-39-x86_64-linux-gnu.so first seen with mtime 1702056462.0
File /home/gitpod/.pyenv/versions/3.9.17/lib/python3.9/lib-dynload/_elementtree.cpython-39-x86_64-linux-gnu.so first seen with mtime 1702056474.0
File /workspace/.pip-modules/lib/python3.9/site-packages/django/contrib/auth/management/__init__.py first seen with mtime 1702056911.0
File /workspace/.pip-modules/lib/python3.9/site-packages/django/core/management/base.py first seen with mtime 1702056911.0
File /workspace/.pip-modules/lib/python3.9/site-packages/django/template/loader_tags.py first seen with mtime 1702056911.0
File /home/gitpod/.pyenv/versions/3.9.17/lib/python3.9/email/contentmanager.py first seen with mtime 1702056484.0
File /workspace/.pip-modules/lib/python3.9/site-packages/django/utils/timesince.py first seen with mtime 1702056911.0
File /workspace/.pip-modules/lib/python3.9/site-packages/django/forms/boundfield.py first seen with mtime 1702056911.0
File /home/gitpod/.pyenv/versions/3.9.17/lib/python3.9/asyncio/staggered.py first seen with mtime 1702056483.0
File /workspace/.pip-modules/lib/python3.9/site-packages/django/contrib/staticfiles/management/__init__.py first seen with mtime 1702056911.0
File /workspace/.pip-modules/lib/python3.9/site-packages/django/middleware/cache.py first seen with mtime 1702056911.0
File /workspace/.pip-modules/lib/python3.9/site-packages/django/contrib/contenttypes/admin.py first seen with mtime 1702056911.0
File /home/gitpod/.pyenv/versions/3.9.17/lib/python3.9/lib-dynload/pyexpat.cpython-39-x86_64-linux-gnu.so first seen with mtime 1702056478.0
File /workspace/.pip-modules/lib/python3.9/site-packages/django/utils/asyncio.py first seen with mtime 1702056911.0
File /home/gitpod/.pyenv/versions/3.9.17/lib/python3.9/getpass.py first seen with mtime 1702056482.0
File /workspace/.pip-modules/lib/python3.9/site-packages/django/template/loader.py first seen with mtime 1702056911.0
File /home/gitpod/.pyenv/versions/3.9.17/lib/python3.9/html/entities.py first seen with mtime 1702056484.0
File /home/gitpod/.pyenv/versions/3.9.17/lib/python3.9/asyncio/format_helpers.py first seen with mtime 1702056483.0
File /workspace/.pip-modules/lib/python3.9/site-packages/django/views/generic/base.py first seen with mtime 1702056911.0
File /workspace/.pip-modules/lib/python3.9/site-packages/django/core/serializers/base.py first seen with mtime 1702056911.0
File /home/gitpod/.pyenv/versions/3.9.17/lib/python3.9/encodings/latin_1.py first seen with mtime 1702056484.0
File /workspace/.pip-modules/lib/python3.9/site-packages/django/db/migrations/operations/__init__.py first seen with mtime 1702056911.0
File /workspace/.pip-modules/lib/python3.9/site-packages/django/utils/log.py first seen with mtime 1702056911.0
File /workspace/.pip-modules/lib/python3.9/site-packages/django/db/backends/base/__init__.py first seen with mtime 1702056911.0
File /workspace/.pip-modules/lib/python3.9/site-packages/django/db/models/utils.py first seen with mtime 1702056911.0
File /home/gitpod/.pyenv/versions/3.9.17/lib/python3.9/abc.py first seen with mtime 1702056482.0
File /workspace/.pip-modules/lib/python3.9/site-packages/sqlparse/__init__.py first seen with mtime 1702056910.0
File /workspace/.pip-modules/lib/python3.9/site-packages/django/contrib/admin/templatetags/base.py first seen with mtime 1702056910.0
File /workspace/.pip-modules/lib/python3.9/site-packages/django/contrib/sessions/apps.py first seen with mtime 1702056911.0
File /workspace/.pip-modules/lib/python3.9/site-packages/django/forms/formsets.py first seen with mtime 1702056911.0
File /workspace/.pip-modules/lib/python3.9/site-packages/psycopg2/_range.py first seen with mtime 1702056937.0
File /home/gitpod/.pyenv/versions/3.9.17/lib/python3.9/random.py first seen with mtime 1702056482.0
File /workspace/.pip-modules/lib/python3.9/site-packages/PIL/Image.py first seen with mtime 1702495105.0
File /workspace/.pip-modules/lib/python3.9/site-packages/django/shortcuts.py first seen with mtime 1702056910.0
File /home/gitpod/.pyenv/versions/3.9.17/lib/python3.9/email/errors.py first seen with mtime 1702056484.0
File /workspace/.pip-modules/lib/python3.9/site-packages/asgiref/sync.py first seen with mtime 1702056910.0
File /home/gitpod/.pyenv/versions/3.9.17/lib/python3.9/asyncio/base_events.py first seen with mtime 1702056483.0
File /workspace/.pip-modules/lib/python3.9/site-packages/cloudinary/cache/adapter/__init__.py first seen with mtime 1702056957.0
File /workspace/.pip-modules/lib/python3.9/site-packages/django/contrib/auth/forms.py first seen with mtime 1702056911.0
File /home/gitpod/.pyenv/versions/3.9.17/lib/python3.9/lib-dynload/fcntl.cpython-39-x86_64-linux-gnu.so first seen with mtime 1702056461.0
File /home/gitpod/.pyenv/versions/3.9.17/lib/python3.9/json/__init__.py first seen with mtime 1702056484.0
File /home/gitpod/.pyenv/versions/3.9.17/lib/python3.9/weakref.py first seen with mtime 1702056482.0
File /workspace/.pip-modules/lib/python3.9/site-packages/django/db/backends/postgresql/schema.py first seen with mtime 1702056911.0
File /workspace/.pip-modules/lib/python3.9/site-packages/django/contrib/admin/helpers.py first seen with mtime 1702056910.0
File /home/gitpod/.pyenv/versions/3.9.17/lib/python3.9/_markupbase.py first seen with mtime 1702056482.0
File /home/gitpod/.pyenv/versions/3.9.17/lib/python3.9/lzma.py first seen with mtime 1702056482.0
File /workspace/.pip-modules/lib/python3.9/site-packages/django/contrib/sessions/__init__.py first seen with mtime 1702056911.0
File /workspace/.pip-modules/lib/python3.9/site-packages/django/templatetags/__init__.py first seen with mtime 1702056911.0
File /workspace/.pip-modules/lib/python3.9/site-packages/django/db/migrations/migration.py first seen with mtime 1702056911.0
File /home/gitpod/.pyenv/versions/3.9.17/lib/python3.9/os.py first seen with mtime 1702056482.0
File /workspace/.pip-modules/lib/python3.9/site-packages/django/db/backends/utils.py first seen with mtime 1702056911.0
File /workspace/.pip-modules/lib/python3.9/site-packages/PIL/_imaging.cpython-39-x86_64-linux-gnu.so first seen with mtime 1702495105.0
File /workspace/.pip-modules/lib/python3.9/site-packages/django/core/files/storage.py first seen with mtime 1702056911.0
File /workspace/.pip-modules/lib/python3.9/site-packages/django/contrib/staticfiles/apps.py first seen with mtime 1702056911.0
File /workspace/.pip-modules/lib/python3.9/site-packages/django/db/models/functions/window.py first seen with mtime 1702056911.0
File /home/gitpod/.pyenv/versions/3.9.17/lib/python3.9/urllib/parse.py first seen with mtime 1702056484.0
File /home/gitpod/.pyenv/versions/3.9.17/lib/python3.9/lib-dynload/grp.cpython-39-x86_64-linux-gnu.so first seen with mtime 1702056461.0
File /workspace/.pip-modules/lib/python3.9/site-packages/cloudinary_storage/apps.py first seen with mtime 1702056957.0
File /workspace/.pip-modules/lib/python3.9/site-packages/urllib3/contrib/_appengine_environ.py first seen with mtime 1702056971.0
File /workspace/.pip-modules/lib/python3.9/site-packages/django/contrib/admin/options.py first seen with mtime 1702056910.0
File /workspace/.pip-modules/lib/python3.9/site-packages/urllib3/util/url.py first seen with mtime 1702056971.0
File /home/gitpod/.pyenv/versions/3.9.17/lib/python3.9/threading.py first seen with mtime 1702056482.0
File /workspace/.pip-modules/lib/python3.9/site-packages/pytz/lazy.py first seen with mtime 1702056910.0
File /home/gitpod/.pyenv/versions/3.9.17/lib/python3.9/lib-dynload/_bz2.cpython-39-x86_64-linux-gnu.so first seen with mtime 1702056470.0
File /home/gitpod/.pyenv/versions/3.9.17/lib/python3.9/sre_compile.py first seen with mtime 1702056482.0
File /home/gitpod/.pyenv/versions/3.9.17/lib/python3.9/ssl.py first seen with mtime 1702056482.0
File /workspace/.pip-modules/lib/python3.9/site-packages/django/dispatch/dispatcher.py first seen with mtime 1702056911.0
File /home/gitpod/.pyenv/versions/3.9.17/lib/python3.9/shutil.py first seen with mtime 1702056482.0
File /workspace/.pip-modules/lib/python3.9/site-packages/django/contrib/staticfiles/__init__.py first seen with mtime 1702056911.0
File /workspace/.pip-modules/lib/python3.9/site-packages/django/contrib/auth/validators.py first seen with mtime 1702056911.0
File /workspace/.pip-modules/lib/python3.9/site-packages/django/views/decorators/cache.py first seen with mtime 1702056911.0
File /workspace/.pip-modules/lib/python3.9/site-packages/cloudinary_storage/__init__.py first seen with mtime 1702056957.0
File /workspace/.pip-modules/lib/python3.9/site-packages/django/utils/module_loading.py first seen with mtime 1702056911.0
File /workspace/.pip-modules/lib/python3.9/site-packages/django/utils/itercompat.py first seen with mtime 1702056911.0
File /workspace/.pip-modules/lib/python3.9/site-packages/django/contrib/sites/shortcuts.py first seen with mtime 1702056911.0
File /workspace/.pip-modules/lib/python3.9/site-packages/urllib3/util/wait.py first seen with mtime 1702056971.0
File /workspace/.pip-modules/lib/python3.9/site-packages/django/db/models/base.py first seen with mtime 1702056911.0
File /home/gitpod/.pyenv/versions/3.9.17/lib/python3.9/concurrent/futures/_base.py first seen with mtime 1702056484.0
File /home/gitpod/.pyenv/versions/3.9.17/lib/python3.9/pkgutil.py first seen with mtime 1702056482.0
File /workspace/.pip-modules/lib/python3.9/site-packages/django/db/backends/postgresql/features.py first seen with mtime 1702056911.0
File /workspace/.pip-modules/lib/python3.9/site-packages/django/utils/timezone.py first seen with mtime 1702056911.0
File /workspace/.pip-modules/lib/python3.9/site-packages/django/template/response.py first seen with mtime 1702056911.0
File /workspace/.pip-modules/lib/python3.9/site-packages/urllib3/packages/__init__.py first seen with mtime 1702056971.0
File /workspace/.pip-modules/lib/python3.9/site-packages/django/db/backends/postgresql/creation.py first seen with mtime 1702056911.0
File /workspace/.pip-modules/lib/python3.9/site-packages/django/db/models/fields/files.py first seen with mtime 1702056911.0
File /home/gitpod/.pyenv/versions/3.9.17/lib/python3.9/base64.py first seen with mtime 1702056482.0
File /home/gitpod/.pyenv/versions/3.9.17/lib/python3.9/lib-dynload/_pickle.cpython-39-x86_64-linux-gnu.so first seen with mtime 1702056472.0
File /workspace/.pip-modules/lib/python3.9/site-packages/django/utils/termcolors.py first seen with mtime 1702056911.0
File /workspace/.pip-modules/lib/python3.9/site-packages/django/utils/translation/reloader.py first seen with mtime 1702056911.0
File /home/gitpod/.pyenv/versions/3.9.17/lib/python3.9/json/scanner.py first seen with mtime 1702056484.0
File /home/gitpod/.pyenv/versions/3.9.17/lib/python3.9/numbers.py first seen with mtime 1702056482.0
File /workspace/.pip-modules/lib/python3.9/site-packages/django/utils/translation/__init__.py first seen with mtime 1702056911.0
File /home/gitpod/.pyenv/versions/3.9.17/lib/python3.9/site-packages/certifi/core.py first seen with mtime 1702056524.0
File /workspace/bee-inkspired/templates/artist.html first seen with mtime 1702911393.0
File /workspace/bee-inkspired/templates/base.html first seen with mtime 1702911538.0
File /workspace/bee-inkspired/templates/book.html first seen with mtime 1702911711.0
File /workspace/bee-inkspired/templates/cancel-booking.html first seen with mtime 1702911724.0
File /workspace/bee-inkspired/templates/dashboard-artist.html first seen with mtime 1702911642.0
File /workspace/bee-inkspired/templates/dashboard-user.html first seen with mtime 1702904320.0
File /workspace/bee-inkspired/templates/delete-enquiry.html first seen with mtime 1702911731.0
File /workspace/bee-inkspired/templates/edit-user.html first seen with mtime 1702911763.0
File /workspace/bee-inkspired/templates/enquire.html first seen with mtime 1702911771.0
File /workspace/bee-inkspired/templates/enquiry-success.html first seen with mtime 1702911795.0
File /workspace/bee-inkspired/templates/gallery.html first seen with mtime 1702633101.0
File /workspace/bee-inkspired/templates/index.html first seen with mtime 1702911825.0
File /workspace/bee-inkspired/templates/login.html first seen with mtime 1702911992.0
File /workspace/bee-inkspired/templates/register.html first seen with mtime 1702912001.0
File /workspace/bee-inkspired/templates/review-form.html first seen with mtime 1702912042.0
File /workspace/bee-inkspired/templates/studio.html first seen with mtime 1702776935.0
File /workspace/bee-inkspired/templates/update-booking.html first seen with mtime 1702912076.0
File /workspace/.pip-modules/lib/python3.9/site-packages/cloudinary/templates/cloudinary_direct_upload.html first seen with mtime 1702056957.0
File /workspace/.pip-modules/lib/python3.9/site-packages/cloudinary/templates/cloudinary_includes.html first seen with mtime 1702056957.0
File /workspace/.pip-modules/lib/python3.9/site-packages/cloudinary/templates/cloudinary_js_config.html first seen with mtime 1702056957.0
File /workspace/.pip-modules/lib/python3.9/site-packages/django/contrib/messages/middleware.py first seen with mtime 1702056911.0
File /workspace/bee-inkspired/home/migrations/0001_initial.py first seen with mtime 1702494538.0
File /workspace/.pip-modules/lib/python3.9/site-packages/django/db/migrations/loader.py first seen with mtime 1702056911.0
File /workspace/bee-inkspired/home/migrations/0003_auto_20231214_0821.py first seen with mtime 1702542090.0
File /workspace/bee-inkspired/home/migrations/0005_enquiry.py first seen with mtime 1702559847.0
File /workspace/.pip-modules/lib/python3.9/site-packages/django/contrib/auth/migrations/0006_require_contenttypes_0002.py first seen with mtime 1702056911.0
File /workspace/.pip-modules/lib/python3.9/site-packages/django/contrib/contenttypes/migrations/0001_initial.py first seen with mtime 1702056911.0
File /workspace/.pip-modules/lib/python3.9/site-packages/django/contrib/admin/migrations/0001_initial.py first seen with mtime 1702056910.0
File /workspace/.pip-modules/lib/python3.9/site-packages/django/contrib/sessions/migrations/__init__.py first seen with mtime 1702056911.0
File /workspace/.pip-modules/lib/python3.9/site-packages/django/contrib/auth/migrations/0005_alter_user_last_login_null.py first seen with mtime 1702056911.0
File /workspace/bee-inkspired/home/migrations/0006_alter_enquiry_image.py first seen with mtime 1702561391.0
File /workspace/.pip-modules/lib/python3.9/site-packages/django/middleware/clickjacking.py first seen with mtime 1702056911.0
File /workspace/.pip-modules/lib/python3.9/site-packages/django/contrib/sessions/exceptions.py first seen with mtime 1702056911.0
File /workspace/.pip-modules/lib/python3.9/site-packages/django/contrib/auth/migrations/0007_alter_validators_add_error_messages.py first seen with mtime 1702056911.0
File /workspace/.pip-modules/lib/python3.9/site-packages/django/db/migrations/graph.py first seen with mtime 1702056911.0
File /workspace/.pip-modules/lib/python3.9/site-packages/django/views/defaults.py first seen with mtime 1702056911.0
File /workspace/.pip-modules/lib/python3.9/site-packages/django/db/migrations/recorder.py first seen with mtime 1702056911.0
File /workspace/bee-inkspired/home/migrations/0002_auto_20231213_1918.py first seen with mtime 1702495131.0
File /workspace/bee-inkspired/home/migrations/0008_review.py first seen with mtime 1702775467.0
File /workspace/bee-inkspired/home/migrations/0009_booking_review.py first seen with mtime 1702831389.0
File /workspace/bee-inkspired/home/migrations/0004_alter_booking_customer.py first seen with mtime 1702546075.0
File /workspace/.pip-modules/lib/python3.9/site-packages/django/contrib/auth/migrations/0009_alter_user_last_name_max_length.py first seen with mtime 1702056911.0
File /workspace/.pip-modules/lib/python3.9/site-packages/django/contrib/auth/migrations/__init__.py first seen with mtime 1702056911.0
File /workspace/.pip-modules/lib/python3.9/site-packages/django/db/models/sql/compiler.py first seen with mtime 1702056911.0
File /workspace/bee-inkspired/home/migrations/__init__.py first seen with mtime 1702057050.0
File /workspace/.pip-modules/lib/python3.9/site-packages/django/db/migrations/executor.py first seen with mtime 1702056911.0
File /workspace/.pip-modules/lib/python3.9/site-packages/django/core/cache/backends/locmem.py first seen with mtime 1702056911.0
File /workspace/.pip-modules/lib/python3.9/site-packages/django/contrib/admin/migrations/0002_logentry_remove_auto_add.py first seen with mtime 1702056910.0
File /workspace/.pip-modules/lib/python3.9/site-packages/django/contrib/contenttypes/migrations/__init__.py first seen with mtime 1702056911.0
File /workspace/.pip-modules/lib/python3.9/site-packages/django/contrib/admin/migrations/__init__.py first seen with mtime 1702056910.0
File /workspace/.pip-modules/lib/python3.9/site-packages/django/contrib/auth/migrations/0004_alter_user_username_opts.py first seen with mtime 1702056911.0
File /workspace/.pip-modules/lib/python3.9/site-packages/django/contrib/auth/migrations/0010_alter_group_name_max_length.py first seen with mtime 1702056911.0
File /workspace/.pip-modules/lib/python3.9/site-packages/django/contrib/contenttypes/migrations/0002_remove_content_type_name.py first seen with mtime 1702056911.0
File /workspace/.pip-modules/lib/python3.9/site-packages/django/contrib/sessions/backends/db.py first seen with mtime 1702056911.0
File /workspace/.pip-modules/lib/python3.9/site-packages/django/contrib/sessions/migrations/0001_initial.py first seen with mtime 1702056911.0
File /workspace/.pip-modules/lib/python3.9/site-packages/django/contrib/auth/migrations/0012_alter_user_first_name_max_length.py first seen with mtime 1702056911.0
File /workspace/.pip-modules/lib/python3.9/site-packages/django/contrib/admin/migrations/0003_logentry_add_action_flag_choices.py first seen with mtime 1702056910.0
File /workspace/.pip-modules/lib/python3.9/site-packages/django/contrib/auth/migrations/0003_alter_user_email_max_length.py first seen with mtime 1702056911.0
File /workspace/bee-inkspired/beeinkspired/wsgi.py first seen with mtime 1702057035.0
File /workspace/.pip-modules/lib/python3.9/site-packages/django/contrib/auth/migrations/0011_update_proxy_permissions.py first seen with mtime 1702056911.0
File /workspace/.pip-modules/lib/python3.9/site-packages/django/contrib/auth/migrations/0002_alter_permission_name_max_length.py first seen with mtime 1702056911.0
File /home/gitpod/.pyenv/versions/3.9.17/lib/python3.9/stringprep.py first seen with mtime 1702056482.0
File /workspace/.pip-modules/lib/python3.9/site-packages/django/conf/urls/__init__.py first seen with mtime 1702056910.0
File /workspace/.pip-modules/lib/python3.9/site-packages/django/contrib/auth/migrations/0008_alter_user_username_max_length.py first seen with mtime 1702056911.0
File /workspace/.pip-modules/lib/python3.9/site-packages/django/contrib/sessions/backends/base.py first seen with mtime 1702056911.0
File /workspace/bee-inkspired/home/migrations/0007_remove_booking_available.py first seen with mtime 1702771677.0
File /home/gitpod/.pyenv/versions/3.9.17/lib/python3.9/encodings/idna.py first seen with mtime 1702056484.0
File /workspace/.pip-modules/lib/python3.9/site-packages/django/contrib/auth/migrations/0001_initial.py first seen with mtime 1702056911.0
File /workspace/.pip-modules/lib/python3.9/site-packages/django/middleware/common.py first seen with mtime 1702056911.0
The joined path (/assets/css/style.css) is located outside of the base path component (/workspace/bee-inkspired/static)
Bad Request: /
"GET / HTTP/1.1" 400 143
File /home/gitpod/.pyenv/versions/3.9.17/lib/python3.9/site-packages/requests/status_codes.py first seen with mtime 1702056524.0
File /home/gitpod/.pyenv/versions/3.9.17/lib/python3.9/site-packages/jinja2/__init__.py first seen with mtime 1702056526.0
File /home/gitpod/.pyenv/versions/3.9.17/lib/python3.9/http/cookiejar.py first seen with mtime 1702056484.0
File /home/gitpod/.pyenv/versions/3.9.17/lib/python3.9/site-packages/idna/package_data.py first seen with mtime 1702056522.0
File /workspace/.pip-modules/lib/python3.9/site-packages/django/test/utils.py first seen with mtime 1702056911.0
File /home/gitpod/.pyenv/versions/3.9.17/lib/python3.9/site-packages/jinja2/environment.py first seen with mtime 1702056526.0
File /home/gitpod/.pyenv/versions/3.9.17/lib/python3.9/site-packages/requests/packages.py first seen with mtime 1702056524.0
File /home/gitpod/.pyenv/versions/3.9.17/lib/python3.9/site-packages/requests/exceptions.py first seen with mtime 1702056524.0
File /home/gitpod/.pyenv/versions/3.9.17/lib/python3.9/site-packages/charset_normalizer/utils.py first seen with mtime 1702056524.0
File /home/gitpod/.pyenv/versions/3.9.17/lib/python3.9/site-packages/jinja2/optimizer.py first seen with mtime 1702056526.0
File /workspace/.pip-modules/lib/python3.9/site-packages/django/contrib/sessions/serializers.py first seen with mtime 1702056911.0
File /workspace/.pip-modules/lib/python3.9/site-packages/django/contrib/messages/storage/fallback.py first seen with mtime 1702056911.0
File /home/gitpod/.pyenv/versions/3.9.17/lib/python3.9/site-packages/requests/structures.py first seen with mtime 1702056524.0
File /home/gitpod/.pyenv/versions/3.9.17/lib/python3.9/xml/dom/domreg.py first seen with mtime 1702056485.0
File /workspace/.pip-modules/lib/python3.9/site-packages/django/contrib/messages/context_processors.py first seen with mtime 1702056911.0
File /home/gitpod/.pyenv/versions/3.9.17/lib/python3.9/xml/dom/minicompat.py first seen with mtime 1702056485.0
File /home/gitpod/.pyenv/versions/3.9.17/lib/python3.9/site-packages/charset_normalizer/models.py first seen with mtime 1702056524.0
File /home/gitpod/.pyenv/versions/3.9.17/lib/python3.9/site-packages/charset_normalizer/constant.py first seen with mtime 1702056524.0
File /workspace/.pip-modules/lib/python3.9/site-packages/django/core/management/sql.py first seen with mtime 1702056911.0
File /home/gitpod/.pyenv/versions/3.9.17/lib/python3.9/site-packages/charset_normalizer/version.py first seen with mtime 1702056524.0
File /home/gitpod/.pyenv/versions/3.9.17/lib/python3.9/site-packages/jinja2/utils.py first seen with mtime 1702056526.0
File /workspace/.pip-modules/lib/python3.9/site-packages/cloudinary_storage/app_settings.py first seen with mtime 1702056957.0
File /home/gitpod/.pyenv/versions/3.9.17/lib/python3.9/site-packages/idna/core.py first seen with mtime 1702056522.0
File /home/gitpod/.pyenv/versions/3.9.17/lib/python3.9/site-packages/jinja2/tests.py first seen with mtime 1702056526.0
File /home/gitpod/.pyenv/versions/3.9.17/lib/python3.9/site-packages/requests/cookies.py first seen with mtime 1702056524.0
File /workspace/.pip-modules/lib/python3.9/site-packages/django/contrib/auth/context_processors.py first seen with mtime 1702056911.0
File /home/gitpod/.pyenv/versions/3.9.17/lib/python3.9/site-packages/charset_normalizer/md.cpython-39-x86_64-linux-gnu.so first seen with mtime 1702056524.0
File /home/gitpod/.pyenv/versions/3.9.17/lib/python3.9/site-packages/jinja2/lexer.py first seen with mtime 1702056526.0
File /home/gitpod/.pyenv/versions/3.9.17/lib/python3.9/site-packages/jinja2/defaults.py first seen with mtime 1702056526.0
File /home/gitpod/.pyenv/versions/3.9.17/lib/python3.9/xml/dom/NodeFilter.py first seen with mtime 1702056485.0
File /workspace/.pip-modules/lib/python3.9/site-packages/django/test/testcases.py first seen with mtime 1702056911.0
File /home/gitpod/.pyenv/versions/3.9.17/lib/python3.9/site-packages/jinja2/exceptions.py first seen with mtime 1702056526.0
File /home/gitpod/.pyenv/versions/3.9.17/lib/python3.9/site-packages/idna/__init__.py first seen with mtime 1702056522.0
File /home/gitpod/.pyenv/versions/3.9.17/lib/python3.9/site-packages/jinja2/async_utils.py first seen with mtime 1702056526.0
File /home/gitpod/.pyenv/versions/3.9.17/lib/python3.9/site-packages/requests/__version__.py first seen with mtime 1702056524.0
File /home/gitpod/.pyenv/versions/3.9.17/lib/python3.9/site-packages/requests/hooks.py first seen with mtime 1702056524.0
File /home/gitpod/.pyenv/versions/3.9.17/lib/python3.9/site-packages/requests/sessions.py first seen with mtime 1702056524.0
File /home/gitpod/.pyenv/versions/3.9.17/lib/python3.9/site-packages/jinja2/bccache.py first seen with mtime 1702056526.0
File /home/gitpod/.pyenv/versions/3.9.17/lib/python3.9/site-packages/charset_normalizer/md__mypyc.cpython-39-x86_64-linux-gnu.so first seen with mtime 1702056524.0
File /home/gitpod/.pyenv/versions/3.9.17/lib/python3.9/site-packages/markupsafe/_speedups.cpython-39-x86_64-linux-gnu.so first seen with mtime 1702056522.0
File /home/gitpod/.pyenv/versions/3.9.17/lib/python3.9/site-packages/requests/models.py first seen with mtime 1702056524.0
File /workspace/.pip-modules/lib/python3.9/site-packages/django/test/client.py first seen with mtime 1702056911.0
File /workspace/.pip-modules/lib/python3.9/site-packages/django/template/context_processors.py first seen with mtime 1702056911.0
File /workspace/.pip-modules/lib/python3.9/site-packages/django/test/signals.py first seen with mtime 1702056911.0
File /home/gitpod/.pyenv/versions/3.9.17/lib/python3.9/site-packages/jinja2/nodes.py first seen with mtime 1702056526.0
File /workspace/.pip-modules/lib/python3.9/site-packages/django/contrib/messages/storage/session.py first seen with mtime 1702056911.0
File /home/gitpod/.pyenv/versions/3.9.17/lib/python3.9/site-packages/requests/adapters.py first seen with mtime 1702056524.0
File /workspace/.pip-modules/lib/python3.9/site-packages/django/test/__init__.py first seen with mtime 1702056911.0
File /home/gitpod/.pyenv/versions/3.9.17/lib/python3.9/site-packages/charset_normalizer/legacy.py first seen with mtime 1702056524.0
File /home/gitpod/.pyenv/versions/3.9.17/lib/python3.9/xml/dom/__init__.py first seen with mtime 1702056485.0
File /workspace/.pip-modules/lib/python3.9/site-packages/cloudinary_storage/storage.py first seen with mtime 1702056957.0
File /home/gitpod/.pyenv/versions/3.9.17/lib/python3.9/site-packages/charset_normalizer/api.py first seen with mtime 1702056524.0
File /home/gitpod/.pyenv/versions/3.9.17/lib/python3.9/site-packages/jinja2/filters.py first seen with mtime 1702056526.0
File /home/gitpod/.pyenv/versions/3.9.17/lib/python3.9/site-packages/jinja2/runtime.py first seen with mtime 1702056526.0
File /home/gitpod/.pyenv/versions/3.9.17/lib/python3.9/site-packages/requests/certs.py first seen with mtime 1702056524.0
File /home/gitpod/.pyenv/versions/3.9.17/lib/python3.9/site-packages/markupsafe/__init__.py first seen with mtime 1702056522.0
File /home/gitpod/.pyenv/versions/3.9.17/lib/python3.9/lib-dynload/_multibytecodec.cpython-39-x86_64-linux-gnu.so first seen with mtime 1702056473.0
File /home/gitpod/.pyenv/versions/3.9.17/lib/python3.9/xml/dom/xmlbuilder.py first seen with mtime 1702056485.0
File /home/gitpod/.pyenv/versions/3.9.17/lib/python3.9/site-packages/requests/auth.py first seen with mtime 1702056524.0
File /home/gitpod/.pyenv/versions/3.9.17/lib/python3.9/site-packages/requests/_internal_utils.py first seen with mtime 1702056524.0
File /workspace/.pip-modules/lib/python3.9/site-packages/django/contrib/messages/storage/cookie.py first seen with mtime 1702056911.0
File /home/gitpod/.pyenv/versions/3.9.17/lib/python3.9/site-packages/idna/intranges.py first seen with mtime 1702056522.0
File /home/gitpod/.pyenv/versions/3.9.17/lib/python3.9/site-packages/charset_normalizer/cd.py first seen with mtime 1702056524.0
File /workspace/.pip-modules/lib/python3.9/site-packages/django/test/html.py first seen with mtime 1702056911.0
File /home/gitpod/.pyenv/versions/3.9.17/lib/python3.9/site-packages/requests/compat.py first seen with mtime 1702056524.0
File /home/gitpod/.pyenv/versions/3.9.17/lib/python3.9/site-packages/jinja2/_identifier.py first seen with mtime 1702056526.0
File /workspace/.pip-modules/lib/python3.9/site-packages/django/contrib/messages/storage/base.py first seen with mtime 1702056911.0
File /workspace/.pip-modules/lib/python3.9/site-packages/cloudinary/api.py first seen with mtime 1702056957.0
File /home/gitpod/.pyenv/versions/3.9.17/lib/python3.9/site-packages/requests/__init__.py first seen with mtime 1702056524.0
File /workspace/.pip-modules/lib/python3.9/site-packages/cloudinary_storage/helpers.py first seen with mtime 1702056957.0
File /home/gitpod/.pyenv/versions/3.9.17/lib/python3.9/site-packages/idna/idnadata.py first seen with mtime 1702056522.0
File /home/gitpod/.pyenv/versions/3.9.17/lib/python3.9/site-packages/requests/api.py first seen with mtime 1702056524.0
File /home/gitpod/.pyenv/versions/3.9.17/lib/python3.9/site-packages/jinja2/compiler.py first seen with mtime 1702056526.0
File /home/gitpod/.pyenv/versions/3.9.17/lib/python3.9/site-packages/jinja2/loaders.py first seen with mtime 1702056526.0
File /workspace/.pip-modules/lib/python3.9/site-packages/django/contrib/messages/utils.py first seen with mtime 1702056911.0
File /home/gitpod/.pyenv/versions/3.9.17/lib/python3.9/site-packages/jinja2/visitor.py first seen with mtime 1702056526.0
File /home/gitpod/.pyenv/versions/3.9.17/lib/python3.9/xml/dom/minidom.py first seen with mtime 1702056485.0
File /home/gitpod/.pyenv/versions/3.9.17/lib/python3.9/site-packages/charset_normalizer/__init__.py first seen with mtime 1702056524.0
File /home/gitpod/.pyenv/versions/3.9.17/lib/python3.9/site-packages/jinja2/idtracking.py first seen with mtime 1702056526.0
File /home/gitpod/.pyenv/versions/3.9.17/lib/python3.9/site-packages/jinja2/parser.py first seen with mtime 1702056526.0
File /home/gitpod/.pyenv/versions/3.9.17/lib/python3.9/site-packages/requests/utils.py first seen with mtime 1702056524.0
File /workspace/bee-inkspired/beeinkspired/settings.py previous mtime: 1702926531.7463694, current mtime: 1702926624.2902858
/workspace/bee-inkspired/beeinkspired/settings.py notified as changed. Signal results: [(<function template_changed at 0x7fefddd0a0d0>, None), (<function translation_file_changed at 0x7fefdcb46280>, None)].
/workspace/bee-inkspired/beeinkspired/settings.py changed, reloading.
